2025-04-04 17:59:10,346 - *** Sequential Execution ***
2025-04-04 17:59:10,358 - IMU Telemetry: Acceleration: X: -0.125 Y: -9.934 Z: 0.137 m/s², Gyroscope: X: 0.002 Y: 0.000 Z: 0.000 rad/s, Magnetometer: X: -29.312 Y: -4.500 Z: 34.562 uT
2025-04-04 17:59:10,358 - Sensor Telemetry: Temperature: 32.50 C, Humidity: 30.71 %, Pressure: 1006.13 hPa, Gas Resistance: 10097.00 ohms, Altitude: 59.45 meters, Displacment: 0.00 meters
2025-04-04 17:59:10,359 - -----------------------------------------------------------------------------------------------
2025-04-04 17:59:11,058 - IMU Telemetry: Acceleration: X: -0.125 Y: -9.934 Z: 0.137 m/s², Gyroscope: X: 0.000 Y: 0.000 Z: 0.000 rad/s, Magnetometer: X: -25.625 Y: 18.500 Z: 26.000 uT
2025-04-04 17:59:11,058 - Sensor Telemetry: Temperature: 32.56 C, Humidity: 30.69 %, Pressure: 1006.14 hPa, Gas Resistance: 5684.00 ohms, Altitude: 59.35 meters, Displacment: -0.10 meters
2025-04-04 17:59:11,058 - -----------------------------------------------------------------------------------------------
2025-04-04 17:59:11,759 - IMU Telemetry: Acceleration: X: -0.086 Y: -9.934 Z: 0.137 m/s², Gyroscope: X: 0.002 Y: 0.000 Z: 0.000 rad/s, Magnetometer: X: -25.625 Y: 18.312 Z: 28.250 uT
2025-04-04 17:59:11,760 - Sensor Telemetry: Temperature: 32.66 C, Humidity: 30.62 %, Pressure: 1006.15 hPa, Gas Resistance: 5684.00 ohms, Altitude: 59.26 meters, Displacment: -0.19 meters
2025-04-04 17:59:11,766 - -----------------------------------------------------------------------------------------------
2025-04-04 17:59:12,469 - IMU Telemetry: Acceleration: X: -0.086 Y: -9.934 Z: 0.137 m/s², Gyroscope: X: 0.002 Y: -0.002 Z: 0.000 rad/s, Magnetometer: X: -25.688 Y: 18.750 Z: 26.562 uT
2025-04-04 17:59:12,470 - Sensor Telemetry: Temperature: 32.77 C, Humidity: 30.53 %, Pressure: 1006.15 hPa, Gas Resistance: 7138.00 ohms, Altitude: 59.25 meters, Displacment: -0.21 meters
2025-04-04 17:59:12,470 - -----------------------------------------------------------------------------------------------
2025-04-04 17:59:13,170 - IMU Telemetry: Acceleration: X: -0.086 Y: -9.934 Z: 0.137 m/s², Gyroscope: X: 0.002 Y: 0.002 Z: 0.002 rad/s, Magnetometer: X: -31.750 Y: 13.250 Z: 26.688 uT
2025-04-04 17:59:13,171 - Sensor Telemetry: Temperature: 32.86 C, Humidity: 30.41 %, Pressure: 1006.16 hPa, Gas Resistance: 9029.00 ohms, Altitude: 59.20 meters, Displacment: -0.26 meters
2025-04-04 17:59:13,171 - -----------------------------------------------------------------------------------------------
2025-04-04 17:59:13,876 - IMU Telemetry: Acceleration: X: -0.086 Y: -9.934 Z: 0.137 m/s², Gyroscope: X: -0.006 Y: -0.002 Z: -0.002 rad/s, Magnetometer: X: -31.312 Y: 16.375 Z: 28.438 uT
2025-04-04 17:59:13,876 - Sensor Telemetry: Temperature: 32.94 C, Humidity: 30.29 %, Pressure: 1006.17 hPa, Gas Resistance: 10925.00 ohms, Altitude: 59.11 meters, Displacment: -0.35 meters
2025-04-04 17:59:13,877 - -----------------------------------------------------------------------------------------------
2025-04-04 17:59:14,584 - IMU Telemetry: Acceleration: X: -0.086 Y: -9.934 Z: 0.098 m/s², Gyroscope: X: -0.002 Y: 0.002 Z: 0.002 rad/s, Magnetometer: X: -31.562 Y: 14.375 Z: 27.125 uT
2025-04-04 17:59:14,585 - Sensor Telemetry: Temperature: 33.00 C, Humidity: 30.17 %, Pressure: 1006.18 hPa, Gas Resistance: 12895.00 ohms, Altitude: 59.06 meters, Displacment: -0.40 meters
2025-04-04 17:59:14,585 - -----------------------------------------------------------------------------------------------
2025-04-04 17:59:15,295 - IMU Telemetry: Acceleration: X: -0.125 Y: -9.934 Z: 0.098 m/s², Gyroscope: X: 0.002 Y: 0.000 Z: 0.000 rad/s, Magnetometer: X: -32.062 Y: 14.750 Z: 29.312 uT
2025-04-04 17:59:15,295 - Sensor Telemetry: Temperature: 33.05 C, Humidity: 30.05 %, Pressure: 1006.18 hPa, Gas Resistance: 14352.00 ohms, Altitude: 59.00 meters, Displacment: -0.45 meters
2025-04-04 17:59:15,295 - -----------------------------------------------------------------------------------------------
2025-04-04 17:59:16,003 - IMU Telemetry: Acceleration: X: -0.086 Y: -9.934 Z: 0.098 m/s², Gyroscope: X: 0.000 Y: 0.000 Z: 0.000 rad/s, Magnetometer: X: -25.812 Y: 19.000 Z: 26.000 uT
2025-04-04 17:59:16,004 - Sensor Telemetry: Temperature: 33.09 C, Humidity: 29.95 %, Pressure: 1006.19 hPa, Gas Resistance: 15763.00 ohms, Altitude: 58.93 meters, Displacment: -0.53 meters
2025-04-04 17:59:16,004 - -----------------------------------------------------------------------------------------------
2025-04-04 17:59:16,712 - IMU Telemetry: Acceleration: X: -0.086 Y: -9.934 Z: 0.098 m/s², Gyroscope: X: 0.000 Y: -0.002 Z: 0.002 rad/s, Magnetometer: X: -30.625 Y: 14.875 Z: 27.375 uT
2025-04-04 17:59:16,713 - Sensor Telemetry: Temperature: 33.13 C, Humidity: 29.87 %, Pressure: 1006.19 hPa, Gas Resistance: 16967.00 ohms, Altitude: 58.90 meters, Displacment: -0.55 meters
2025-04-04 17:59:16,713 - -----------------------------------------------------------------------------------------------
2025-04-04 17:59:17,424 - IMU Telemetry: Acceleration: X: -0.125 Y: -9.934 Z: 0.137 m/s², Gyroscope: X: 0.000 Y: 0.000 Z: 0.000 rad/s, Magnetometer: X: -31.938 Y: 13.438 Z: 28.375 uT
2025-04-04 17:59:17,424 - Sensor Telemetry: Temperature: 33.16 C, Humidity: 29.77 %, Pressure: 1006.20 hPa, Gas Resistance: 17967.00 ohms, Altitude: 58.87 meters, Displacment: -0.58 meters
2025-04-04 17:59:17,425 - -----------------------------------------------------------------------------------------------
2025-04-04 17:59:18,128 - IMU Telemetry: Acceleration: X: -0.086 Y: -9.934 Z: 0.098 m/s², Gyroscope: X: 0.000 Y: 0.000 Z: 0.000 rad/s, Magnetometer: X: -25.562 Y: 18.750 Z: 26.000 uT
2025-04-04 17:59:18,128 - Sensor Telemetry: Temperature: 33.19 C, Humidity: 29.70 %, Pressure: 1006.20 hPa, Gas Resistance: 18957.00 ohms, Altitude: 58.85 meters, Displacment: -0.61 meters
2025-04-04 17:59:18,129 - -----------------------------------------------------------------------------------------------
2025-04-04 17:59:18,835 - IMU Telemetry: Acceleration: X: -0.086 Y: -9.934 Z: 0.098 m/s², Gyroscope: X: 0.000 Y: 0.000 Z: 0.000 rad/s, Magnetometer: X: -31.938 Y: 14.062 Z: 27.250 uT
2025-04-04 17:59:18,836 - Sensor Telemetry: Temperature: 33.21 C, Humidity: 29.62 %, Pressure: 1006.19 hPa, Gas Resistance: 19674.00 ohms, Altitude: 58.91 meters, Displacment: -0.55 meters
2025-04-04 17:59:18,836 - -----------------------------------------------------------------------------------------------
2025-04-04 17:59:19,546 - IMU Telemetry: Acceleration: X: -0.086 Y: -9.934 Z: 0.137 m/s², Gyroscope: X: 0.000 Y: 0.000 Z: 0.000 rad/s, Magnetometer: X: -25.375 Y: 19.438 Z: 25.375 uT
2025-04-04 17:59:19,547 - Sensor Telemetry: Temperature: 33.24 C, Humidity: 29.57 %, Pressure: 1006.20 hPa, Gas Resistance: 20427.00 ohms, Altitude: 58.85 meters, Displacment: -0.60 meters
2025-04-04 17:59:19,547 - -----------------------------------------------------------------------------------------------
2025-04-04 17:59:20,255 - IMU Telemetry: Acceleration: X: -0.125 Y: -9.934 Z: 0.137 m/s², Gyroscope: X: 0.000 Y: 0.000 Z: 0.002 rad/s, Magnetometer: X: -26.875 Y: 18.312 Z: 29.000 uT
2025-04-04 17:59:20,256 - Sensor Telemetry: Temperature: 33.26 C, Humidity: 29.54 %, Pressure: 1006.20 hPa, Gas Resistance: 21136.00 ohms, Altitude: 58.81 meters, Displacment: -0.64 meters
2025-04-04 17:59:20,256 - -----------------------------------------------------------------------------------------------
2025-04-04 17:59:20,964 - IMU Telemetry: Acceleration: X: -0.125 Y: -9.934 Z: 0.137 m/s², Gyroscope: X: 0.000 Y: -0.002 Z: 0.000 rad/s, Magnetometer: X: -30.688 Y: 14.562 Z: 27.438 uT
2025-04-04 17:59:20,965 - Sensor Telemetry: Temperature: 33.27 C, Humidity: 29.49 %, Pressure: 1006.20 hPa, Gas Resistance: 21650.00 ohms, Altitude: 58.83 meters, Displacment: -0.62 meters
2025-04-04 17:59:20,965 - -----------------------------------------------------------------------------------------------
2025-04-04 17:59:21,674 - IMU Telemetry: Acceleration: X: -0.086 Y: -9.934 Z: 0.098 m/s², Gyroscope: X: -0.002 Y: 0.000 Z: -0.002 rad/s, Magnetometer: X: -30.938 Y: 14.562 Z: 27.000 uT
2025-04-04 17:59:21,675 - Sensor Telemetry: Temperature: 33.29 C, Humidity: 29.45 %, Pressure: 1006.20 hPa, Gas Resistance: 22377.00 ohms, Altitude: 58.84 meters, Displacment: -0.61 meters
2025-04-04 17:59:21,675 - -----------------------------------------------------------------------------------------------
