2025-04-05 07:36:58,586 - *** Sequential Execution ***
2025-04-05 07:36:58,596 - IMU Telemetry: Acceleration: X: -5.996 Y: 6.113 Z: 4.961 m/s², Gyroscope: X: -0.006 Y: -0.008 Z: -0.006 rad/s, Magnetometer: X: -33.250 Y: 8.062 Z: -43.875 uT
2025-04-05 07:36:58,597 - Sensor Telemetry: Temperature: 32.90 C, Humidity: 16.65 %, Pressure: 1020.20 hPa, Gas Resistance: 6938.00 ohms, Altitude: -57.66 meters, Displacment: 0.00 meters
2025-04-05 07:36:58,597 - -----------------------------------------------------------------------------------------------
2025-04-05 07:36:58,996 - IMU Telemetry: Acceleration: X: -6.031 Y: 6.074 Z: 5.035 m/s², Gyroscope: X: 0.006 Y: 0.008 Z: 0.004 rad/s, Magnetometer: X: 15.625 Y: 26.750 Z: -29.875 uT
2025-04-05 07:36:58,996 - Sensor Telemetry: Temperature: 33.02 C, Humidity: 16.66 %, Pressure: 1020.20 hPa, Gas Resistance: 5684.00 ohms, Altitude: -57.72 meters, Displacment: -0.06 meters
2025-04-05 07:36:58,997 - -----------------------------------------------------------------------------------------------
2025-04-05 07:36:59,398 - IMU Telemetry: Acceleration: X: -5.957 Y: 5.957 Z: 4.961 m/s², Gyroscope: X: -0.004 Y: -0.023 Z: 0.000 rad/s, Magnetometer: X: 14.625 Y: 25.688 Z: -30.125 uT
2025-04-05 07:36:59,398 - Sensor Telemetry: Temperature: 33.24 C, Humidity: 16.67 %, Pressure: 1020.21 hPa, Gas Resistance: 5684.00 ohms, Altitude: -57.81 meters, Displacment: -0.15 meters
2025-04-05 07:36:59,398 - -----------------------------------------------------------------------------------------------
2025-04-05 07:36:59,797 - IMU Telemetry: Acceleration: X: -6.031 Y: 6.148 Z: 4.996 m/s², Gyroscope: X: -0.008 Y: -0.014 Z: -0.008 rad/s, Magnetometer: X: 15.812 Y: 25.812 Z: -30.438 uT
2025-04-05 07:36:59,797 - Sensor Telemetry: Temperature: 33.48 C, Humidity: 16.67 %, Pressure: 1020.22 hPa, Gas Resistance: 5684.00 ohms, Altitude: -57.83 meters, Displacment: -0.17 meters
2025-04-05 07:36:59,797 - -----------------------------------------------------------------------------------------------
2025-04-05 07:37:00,197 - IMU Telemetry: Acceleration: X: -6.031 Y: 6.109 Z: 5.035 m/s², Gyroscope: X: -0.004 Y: 0.004 Z: -0.006 rad/s, Magnetometer: X: 15.500 Y: 26.125 Z: -30.000 uT
2025-04-05 07:37:00,197 - Sensor Telemetry: Temperature: 33.69 C, Humidity: 16.65 %, Pressure: 1020.23 hPa, Gas Resistance: 5981.00 ohms, Altitude: -57.90 meters, Displacment: -0.24 meters
2025-04-05 07:37:00,197 - -----------------------------------------------------------------------------------------------
2025-04-05 07:37:00,598 - IMU Telemetry: Acceleration: X: -5.996 Y: 6.070 Z: 4.961 m/s², Gyroscope: X: -0.002 Y: -0.016 Z: 0.000 rad/s, Magnetometer: X: 15.438 Y: 26.125 Z: -30.438 uT
2025-04-05 07:37:00,598 - Sensor Telemetry: Temperature: 33.87 C, Humidity: 16.61 %, Pressure: 1020.22 hPa, Gas Resistance: 6920.00 ohms, Altitude: -57.86 meters, Displacment: -0.20 meters
2025-04-05 07:37:00,598 - -----------------------------------------------------------------------------------------------
2025-04-05 07:37:01,000 - IMU Telemetry: Acceleration: X: -5.996 Y: 6.074 Z: 5.074 m/s², Gyroscope: X: -0.006 Y: -0.025 Z: -0.006 rad/s, Magnetometer: X: 15.750 Y: 26.812 Z: -29.188 uT
2025-04-05 07:37:01,000 - Sensor Telemetry: Temperature: 34.03 C, Humidity: 16.56 %, Pressure: 1020.22 hPa, Gas Resistance: 8012.00 ohms, Altitude: -57.82 meters, Displacment: -0.16 meters
2025-04-05 07:37:01,001 - -----------------------------------------------------------------------------------------------
2025-04-05 07:37:01,409 - IMU Telemetry: Acceleration: X: -6.031 Y: 6.074 Z: 5.035 m/s², Gyroscope: X: -0.004 Y: 0.000 Z: 0.000 rad/s, Magnetometer: X: 15.062 Y: 26.062 Z: -30.500 uT
2025-04-05 07:37:01,409 - Sensor Telemetry: Temperature: 34.16 C, Humidity: 16.52 %, Pressure: 1020.21 hPa, Gas Resistance: 9044.00 ohms, Altitude: -57.81 meters, Displacment: -0.15 meters
2025-04-05 07:37:01,410 - -----------------------------------------------------------------------------------------------
2025-04-05 07:37:01,812 - IMU Telemetry: Acceleration: X: -6.031 Y: 6.074 Z: 4.996 m/s², Gyroscope: X: 0.000 Y: 0.000 Z: 0.000 rad/s, Magnetometer: X: 14.312 Y: 25.688 Z: -29.500 uT
2025-04-05 07:37:01,812 - Sensor Telemetry: Temperature: 34.27 C, Humidity: 16.48 %, Pressure: 1020.21 hPa, Gas Resistance: 10031.00 ohms, Altitude: -57.81 meters, Displacment: -0.15 meters
2025-04-05 07:37:01,812 - -----------------------------------------------------------------------------------------------
2025-04-05 07:37:02,221 - IMU Telemetry: Acceleration: X: -6.031 Y: 6.031 Z: 5.035 m/s², Gyroscope: X: 0.000 Y: 0.000 Z: 0.000 rad/s, Magnetometer: X: 15.688 Y: 26.000 Z: -28.125 uT
2025-04-05 07:37:02,221 - Sensor Telemetry: Temperature: 34.37 C, Humidity: 16.42 %, Pressure: 1020.21 hPa, Gas Resistance: 10947.00 ohms, Altitude: -57.80 meters, Displacment: -0.14 meters
2025-04-05 07:37:02,222 - -----------------------------------------------------------------------------------------------
2025-04-05 07:37:02,628 - IMU Telemetry: Acceleration: X: -5.996 Y: 6.070 Z: 4.961 m/s², Gyroscope: X: 0.000 Y: 0.000 Z: 0.000 rad/s, Magnetometer: X: 15.562 Y: 26.125 Z: -26.125 uT
2025-04-05 07:37:02,628 - Sensor Telemetry: Temperature: 34.45 C, Humidity: 16.37 %, Pressure: 1020.21 hPa, Gas Resistance: 12098.00 ohms, Altitude: -57.79 meters, Displacment: -0.13 meters
2025-04-05 07:37:02,628 - -----------------------------------------------------------------------------------------------
2025-04-05 07:37:03,030 - IMU Telemetry: Acceleration: X: -5.957 Y: 6.113 Z: 4.961 m/s², Gyroscope: X: 0.000 Y: 0.000 Z: 0.000 rad/s, Magnetometer: X: 14.562 Y: 25.312 Z: -30.250 uT
2025-04-05 07:37:03,031 - Sensor Telemetry: Temperature: 34.52 C, Humidity: 16.32 %, Pressure: 1020.21 hPa, Gas Resistance: 12973.00 ohms, Altitude: -57.79 meters, Displacment: -0.13 meters
2025-04-05 07:37:03,031 - -----------------------------------------------------------------------------------------------
2025-04-05 07:37:03,436 - IMU Telemetry: Acceleration: X: -5.996 Y: 6.180 Z: 4.961 m/s², Gyroscope: X: 0.000 Y: 0.000 Z: 0.000 rad/s, Magnetometer: X: 15.500 Y: 25.812 Z: -29.688 uT
2025-04-05 07:37:03,437 - Sensor Telemetry: Temperature: 34.59 C, Humidity: 16.27 %, Pressure: 1020.21 hPa, Gas Resistance: 13858.00 ohms, Altitude: -57.78 meters, Displacment: -0.12 meters
2025-04-05 07:37:03,437 - -----------------------------------------------------------------------------------------------
2025-04-05 07:37:03,844 - IMU Telemetry: Acceleration: X: -5.957 Y: 6.035 Z: 4.961 m/s², Gyroscope: X: 0.000 Y: 0.000 Z: 0.000 rad/s, Magnetometer: X: 13.000 Y: 25.375 Z: -30.375 uT
2025-04-05 07:37:03,844 - Sensor Telemetry: Temperature: 34.64 C, Humidity: 16.23 %, Pressure: 1020.22 hPa, Gas Resistance: 14638.00 ohms, Altitude: -57.83 meters, Displacment: -0.17 meters
2025-04-05 07:37:03,845 - -----------------------------------------------------------------------------------------------
2025-04-05 07:37:04,253 - IMU Telemetry: Acceleration: X: -5.996 Y: 6.035 Z: 5.035 m/s², Gyroscope: X: -0.004 Y: 0.021 Z: -0.002 rad/s, Magnetometer: X: 14.938 Y: 25.062 Z: -29.875 uT
2025-04-05 07:37:04,253 - Sensor Telemetry: Temperature: 34.69 C, Humidity: 16.18 %, Pressure: 1020.22 hPa, Gas Resistance: 15399.00 ohms, Altitude: -57.83 meters, Displacment: -0.17 meters
2025-04-05 07:37:04,254 - -----------------------------------------------------------------------------------------------
2025-04-05 07:37:04,665 - IMU Telemetry: Acceleration: X: -5.996 Y: 6.074 Z: 5.074 m/s², Gyroscope: X: 0.006 Y: -0.014 Z: 0.004 rad/s, Magnetometer: X: 15.125 Y: 25.812 Z: -29.375 uT
2025-04-05 07:37:04,666 - Sensor Telemetry: Temperature: 34.73 C, Humidity: 16.12 %, Pressure: 1020.22 hPa, Gas Resistance: 16133.00 ohms, Altitude: -57.85 meters, Displacment: -0.19 meters
2025-04-05 07:37:04,666 - -----------------------------------------------------------------------------------------------
2025-04-05 07:37:05,075 - IMU Telemetry: Acceleration: X: -6.031 Y: 6.074 Z: 5.035 m/s², Gyroscope: X: -0.002 Y: -0.002 Z: 0.000 rad/s, Magnetometer: X: 14.562 Y: 25.375 Z: -29.875 uT
2025-04-05 07:37:05,076 - Sensor Telemetry: Temperature: 34.77 C, Humidity: 16.08 %, Pressure: 1020.22 hPa, Gas Resistance: 16819.00 ohms, Altitude: -57.84 meters, Displacment: -0.18 meters
2025-04-05 07:37:05,076 - -----------------------------------------------------------------------------------------------
2025-04-05 07:37:05,487 - IMU Telemetry: Acceleration: X: -5.996 Y: 5.992 Z: 4.922 m/s², Gyroscope: X: 0.002 Y: 0.025 Z: 0.002 rad/s, Magnetometer: X: 16.062 Y: 26.250 Z: -29.250 uT
2025-04-05 07:37:05,488 - Sensor Telemetry: Temperature: 34.80 C, Humidity: 15.88 %, Pressure: 1020.20 hPa, Gas Resistance: 17495.00 ohms, Altitude: -57.71 meters, Displacment: -0.05 meters
2025-04-05 07:37:05,488 - -----------------------------------------------------------------------------------------------
2025-04-05 07:37:05,896 - IMU Telemetry: Acceleration: X: -6.031 Y: 6.070 Z: 5.074 m/s², Gyroscope: X: 0.006 Y: 0.010 Z: 0.004 rad/s, Magnetometer: X: 15.062 Y: 26.062 Z: -30.125 uT
2025-04-05 07:37:05,897 - Sensor Telemetry: Temperature: 34.83 C, Humidity: 16.00 %, Pressure: 1020.20 hPa, Gas Resistance: 18150.00 ohms, Altitude: -57.71 meters, Displacment: -0.05 meters
2025-04-05 07:37:05,897 - -----------------------------------------------------------------------------------------------
2025-04-05 07:37:06,306 - IMU Telemetry: Acceleration: X: -6.031 Y: 6.109 Z: 5.035 m/s², Gyroscope: X: 0.002 Y: 0.027 Z: 0.000 rad/s, Magnetometer: X: 13.375 Y: 25.500 Z: -30.000 uT
2025-04-05 07:37:06,306 - Sensor Telemetry: Temperature: 34.86 C, Humidity: 15.96 %, Pressure: 1020.20 hPa, Gas Resistance: 18707.00 ohms, Altitude: -57.71 meters, Displacment: -0.05 meters
2025-04-05 07:37:06,307 - -----------------------------------------------------------------------------------------------
2025-04-05 07:37:06,718 - IMU Telemetry: Acceleration: X: -6.031 Y: 6.070 Z: 5.074 m/s², Gyroscope: X: 0.008 Y: 0.016 Z: 0.006 rad/s, Magnetometer: X: 14.438 Y: 24.938 Z: -30.688 uT
2025-04-05 07:37:06,719 - Sensor Telemetry: Temperature: 34.89 C, Humidity: 15.94 %, Pressure: 1020.21 hPa, Gas Resistance: 19370.00 ohms, Altitude: -57.81 meters, Displacment: -0.15 meters
2025-04-05 07:37:06,719 - -----------------------------------------------------------------------------------------------
2025-04-05 07:37:07,127 - IMU Telemetry: Acceleration: X: -5.996 Y: 6.113 Z: 4.996 m/s², Gyroscope: X: 0.000 Y: 0.004 Z: -0.002 rad/s, Magnetometer: X: 11.938 Y: 24.250 Z: -30.688 uT
2025-04-05 07:37:07,128 - Sensor Telemetry: Temperature: 34.92 C, Humidity: 15.90 %, Pressure: 1020.22 hPa, Gas Resistance: 19950.00 ohms, Altitude: -57.87 meters, Displacment: -0.21 meters
2025-04-05 07:37:07,128 - -----------------------------------------------------------------------------------------------
2025-04-05 07:37:07,539 - IMU Telemetry: Acceleration: X: -5.992 Y: 5.992 Z: 5.035 m/s², Gyroscope: X: 0.008 Y: 0.020 Z: 0.002 rad/s, Magnetometer: X: 14.812 Y: 26.438 Z: -29.438 uT
2025-04-05 07:37:07,539 - Sensor Telemetry: Temperature: 34.95 C, Humidity: 15.86 %, Pressure: 1020.23 hPa, Gas Resistance: 20427.00 ohms, Altitude: -57.91 meters, Displacment: -0.25 meters
2025-04-05 07:37:07,540 - -----------------------------------------------------------------------------------------------
2025-04-05 07:37:07,949 - IMU Telemetry: Acceleration: X: -5.918 Y: 6.035 Z: 4.961 m/s², Gyroscope: X: 0.004 Y: 0.016 Z: 0.004 rad/s, Magnetometer: X: 14.250 Y: 26.188 Z: -27.125 uT
2025-04-05 07:37:07,949 - Sensor Telemetry: Temperature: 34.98 C, Humidity: 15.83 %, Pressure: 1020.23 hPa, Gas Resistance: 21011.00 ohms, Altitude: -57.98 meters, Displacment: -0.32 meters
2025-04-05 07:37:07,950 - -----------------------------------------------------------------------------------------------
2025-04-05 07:37:08,357 - IMU Telemetry: Acceleration: X: -5.996 Y: 6.035 Z: 4.996 m/s², Gyroscope: X: 0.000 Y: -0.004 Z: -0.004 rad/s, Magnetometer: X: 15.062 Y: 26.000 Z: -30.562 uT
2025-04-05 07:37:08,357 - Sensor Telemetry: Temperature: 35.01 C, Humidity: 15.81 %, Pressure: 1020.23 hPa, Gas Resistance: 21476.00 ohms, Altitude: -57.96 meters, Displacment: -0.30 meters
2025-04-05 07:37:08,358 - -----------------------------------------------------------------------------------------------
2025-04-05 07:37:08,763 - IMU Telemetry: Acceleration: X: -6.031 Y: 6.148 Z: 4.996 m/s², Gyroscope: X: 0.000 Y: 0.004 Z: 0.002 rad/s, Magnetometer: X: 15.375 Y: 25.750 Z: -30.625 uT
2025-04-05 07:37:08,763 - Sensor Telemetry: Temperature: 35.03 C, Humidity: 15.61 %, Pressure: 1020.22 hPa, Gas Resistance: 22053.00 ohms, Altitude: -57.82 meters, Displacment: -0.16 meters
2025-04-05 07:37:08,764 - -----------------------------------------------------------------------------------------------
2025-04-05 07:37:09,171 - IMU Telemetry: Acceleration: X: -5.996 Y: 6.035 Z: 4.996 m/s², Gyroscope: X: 0.000 Y: 0.000 Z: 0.000 rad/s, Magnetometer: X: 14.250 Y: 25.375 Z: -29.125 uT
2025-04-05 07:37:09,171 - Sensor Telemetry: Temperature: 35.05 C, Humidity: 15.57 %, Pressure: 1020.20 hPa, Gas Resistance: 22590.00 ohms, Altitude: -57.73 meters, Displacment: -0.06 meters
2025-04-05 07:37:09,172 - -----------------------------------------------------------------------------------------------
2025-04-05 07:37:09,579 - IMU Telemetry: Acceleration: X: -6.031 Y: 6.109 Z: 5.035 m/s², Gyroscope: X: 0.000 Y: 0.000 Z: 0.000 rad/s, Magnetometer: X: 14.125 Y: 25.562 Z: -30.688 uT
2025-04-05 07:37:09,579 - Sensor Telemetry: Temperature: 35.07 C, Humidity: 15.54 %, Pressure: 1020.20 hPa, Gas Resistance: 23005.00 ohms, Altitude: -57.67 meters, Displacment: -0.01 meters
2025-04-05 07:37:09,580 - -----------------------------------------------------------------------------------------------
2025-04-05 07:37:09,990 - IMU Telemetry: Acceleration: X: -5.992 Y: 5.992 Z: 5.035 m/s², Gyroscope: X: 0.000 Y: 0.000 Z: 0.000 rad/s, Magnetometer: X: 15.000 Y: 24.875 Z: -28.688 uT
2025-04-05 07:37:09,990 - Sensor Telemetry: Temperature: 35.10 C, Humidity: 15.65 %, Pressure: 1020.21 hPa, Gas Resistance: 23845.00 ohms, Altitude: -57.76 meters, Displacment: -0.10 meters
2025-04-05 07:37:09,990 - -----------------------------------------------------------------------------------------------
2025-04-05 07:37:10,398 - IMU Telemetry: Acceleration: X: -5.996 Y: 6.070 Z: 4.996 m/s², Gyroscope: X: 0.000 Y: 0.000 Z: 0.000 rad/s, Magnetometer: X: 15.188 Y: 26.688 Z: -30.562 uT
2025-04-05 07:37:10,399 - Sensor Telemetry: Temperature: 35.12 C, Humidity: 15.65 %, Pressure: 1020.22 hPa, Gas Resistance: 24320.00 ohms, Altitude: -57.85 meters, Displacment: -0.19 meters
2025-04-05 07:37:10,399 - -----------------------------------------------------------------------------------------------
2025-04-05 07:37:10,808 - IMU Telemetry: Acceleration: X: -5.996 Y: 6.070 Z: 4.996 m/s², Gyroscope: X: 0.000 Y: 0.000 Z: 0.000 rad/s, Magnetometer: X: 14.250 Y: 25.625 Z: -29.875 uT
2025-04-05 07:37:10,808 - Sensor Telemetry: Temperature: 35.14 C, Humidity: 15.62 %, Pressure: 1020.21 hPa, Gas Resistance: 24729.00 ohms, Altitude: -57.77 meters, Displacment: -0.11 meters
2025-04-05 07:37:10,809 - -----------------------------------------------------------------------------------------------
2025-04-05 07:37:11,220 - IMU Telemetry: Acceleration: X: -5.996 Y: 6.070 Z: 4.961 m/s², Gyroscope: X: -0.008 Y: 0.004 Z: -0.004 rad/s, Magnetometer: X: 13.562 Y: 25.375 Z: -32.000 uT
2025-04-05 07:37:11,221 - Sensor Telemetry: Temperature: 35.16 C, Humidity: 15.59 %, Pressure: 1020.21 hPa, Gas Resistance: 25406.00 ohms, Altitude: -57.81 meters, Displacment: -0.14 meters
2025-04-05 07:37:11,221 - -----------------------------------------------------------------------------------------------
2025-04-05 07:37:11,629 - IMU Telemetry: Acceleration: X: -5.957 Y: 6.070 Z: 5.035 m/s², Gyroscope: X: -0.002 Y: -0.016 Z: 0.004 rad/s, Magnetometer: X: 13.062 Y: 25.750 Z: -30.438 uT
2025-04-05 07:37:11,630 - Sensor Telemetry: Temperature: 35.18 C, Humidity: 15.39 %, Pressure: 1020.22 hPa, Gas Resistance: 25682.00 ohms, Altitude: -57.82 meters, Displacment: -0.16 meters
2025-04-05 07:37:11,630 - -----------------------------------------------------------------------------------------------
2025-04-05 07:37:12,041 - IMU Telemetry: Acceleration: X: -5.996 Y: 6.113 Z: 4.996 m/s², Gyroscope: X: -0.002 Y: -0.014 Z: -0.002 rad/s, Magnetometer: X: 14.438 Y: 27.125 Z: -27.000 uT
2025-04-05 07:37:12,042 - Sensor Telemetry: Temperature: 35.19 C, Humidity: 15.37 %, Pressure: 1020.21 hPa, Gas Resistance: 25995.00 ohms, Altitude: -57.81 meters, Displacment: -0.15 meters
2025-04-05 07:37:12,042 - -----------------------------------------------------------------------------------------------
2025-04-05 07:37:12,450 - IMU Telemetry: Acceleration: X: -5.996 Y: 6.113 Z: 5.035 m/s², Gyroscope: X: -0.002 Y: -0.004 Z: -0.004 rad/s, Magnetometer: X: 13.000 Y: 25.438 Z: -30.125 uT
2025-04-05 07:37:12,450 - Sensor Telemetry: Temperature: 35.21 C, Humidity: 15.34 %, Pressure: 1020.20 hPa, Gas Resistance: 26677.00 ohms, Altitude: -57.72 meters, Displacment: -0.06 meters
2025-04-05 07:37:12,451 - -----------------------------------------------------------------------------------------------
2025-04-05 07:37:12,859 - IMU Telemetry: Acceleration: X: -5.957 Y: 6.113 Z: 4.996 m/s², Gyroscope: X: 0.000 Y: -0.004 Z: 0.006 rad/s, Magnetometer: X: 13.875 Y: 25.625 Z: -29.562 uT
2025-04-05 07:37:12,860 - Sensor Telemetry: Temperature: 35.22 C, Humidity: 15.31 %, Pressure: 1020.20 hPa, Gas Resistance: 27015.00 ohms, Altitude: -57.72 meters, Displacment: -0.05 meters
2025-04-05 07:37:12,860 - -----------------------------------------------------------------------------------------------
2025-04-05 07:37:13,271 - IMU Telemetry: Acceleration: X: -5.957 Y: 6.113 Z: 4.961 m/s², Gyroscope: X: 0.000 Y: 0.000 Z: 0.000 rad/s, Magnetometer: X: 13.750 Y: 25.500 Z: -30.375 uT
2025-04-05 07:37:13,272 - Sensor Telemetry: Temperature: 35.24 C, Humidity: 15.29 %, Pressure: 1020.19 hPa, Gas Resistance: 27222.00 ohms, Altitude: -57.61 meters, Displacment: 0.05 meters
2025-04-05 07:37:13,272 - -----------------------------------------------------------------------------------------------
2025-04-05 07:37:13,681 - IMU Telemetry: Acceleration: X: -6.031 Y: 6.148 Z: 5.035 m/s², Gyroscope: X: 0.000 Y: 0.000 Z: 0.000 rad/s, Magnetometer: X: 13.438 Y: 25.562 Z: -29.625 uT
2025-04-05 07:37:13,681 - Sensor Telemetry: Temperature: 35.25 C, Humidity: 15.26 %, Pressure: 1020.19 hPa, Gas Resistance: 27645.00 ohms, Altitude: -57.58 meters, Displacment: 0.08 meters
2025-04-05 07:37:13,682 - -----------------------------------------------------------------------------------------------
2025-04-05 07:37:14,094 - IMU Telemetry: Acceleration: X: -5.957 Y: 6.113 Z: 4.961 m/s², Gyroscope: X: 0.000 Y: 0.000 Z: 0.000 rad/s, Magnetometer: X: 14.500 Y: 25.812 Z: -27.938 uT
2025-04-05 07:37:14,095 - Sensor Telemetry: Temperature: 35.26 C, Humidity: 15.23 %, Pressure: 1020.19 hPa, Gas Resistance: 28082.00 ohms, Altitude: -57.61 meters, Displacment: 0.05 meters
2025-04-05 07:37:14,095 - -----------------------------------------------------------------------------------------------
2025-04-05 07:37:14,504 - IMU Telemetry: Acceleration: X: -5.996 Y: 6.070 Z: 4.961 m/s², Gyroscope: X: 0.000 Y: 0.000 Z: 0.000 rad/s, Magnetometer: X: 13.875 Y: 26.188 Z: -30.312 uT
2025-04-05 07:37:14,504 - Sensor Telemetry: Temperature: 35.27 C, Humidity: 15.20 %, Pressure: 1020.19 hPa, Gas Resistance: 28457.00 ohms, Altitude: -57.59 meters, Displacment: 0.07 meters
2025-04-05 07:37:14,505 - -----------------------------------------------------------------------------------------------
2025-04-05 07:37:14,914 - IMU Telemetry: Acceleration: X: -5.957 Y: 6.070 Z: 5.035 m/s², Gyroscope: X: 0.000 Y: 0.000 Z: 0.000 rad/s, Magnetometer: X: 13.938 Y: 25.625 Z: -29.125 uT
2025-04-05 07:37:14,914 - Sensor Telemetry: Temperature: 35.29 C, Humidity: 15.18 %, Pressure: 1020.19 hPa, Gas Resistance: 28628.00 ohms, Altitude: -57.59 meters, Displacment: 0.07 meters
2025-04-05 07:37:14,915 - -----------------------------------------------------------------------------------------------
2025-04-05 07:37:15,324 - IMU Telemetry: Acceleration: X: -6.031 Y: 6.109 Z: 5.035 m/s², Gyroscope: X: 0.000 Y: 0.000 Z: 0.000 rad/s, Magnetometer: X: 15.250 Y: 26.750 Z: -29.750 uT
2025-04-05 07:37:15,325 - Sensor Telemetry: Temperature: 35.30 C, Humidity: 15.15 %, Pressure: 1020.19 hPa, Gas Resistance: 29177.00 ohms, Altitude: -57.59 meters, Displacment: 0.07 meters
2025-04-05 07:37:15,325 - -----------------------------------------------------------------------------------------------
2025-04-05 07:37:15,735 - IMU Telemetry: Acceleration: X: -5.992 Y: 5.992 Z: 4.996 m/s², Gyroscope: X: 0.000 Y: 0.000 Z: 0.000 rad/s, Magnetometer: X: 13.812 Y: 25.312 Z: -29.188 uT
2025-04-05 07:37:15,736 - Sensor Telemetry: Temperature: 35.31 C, Humidity: 15.13 %, Pressure: 1020.18 hPa, Gas Resistance: 29277.00 ohms, Altitude: -57.52 meters, Displacment: 0.14 meters
2025-04-05 07:37:15,736 - -----------------------------------------------------------------------------------------------
2025-04-05 07:37:16,145 - IMU Telemetry: Acceleration: X: -5.996 Y: 6.070 Z: 5.035 m/s², Gyroscope: X: 0.000 Y: 0.000 Z: 0.000 rad/s, Magnetometer: X: 13.438 Y: 26.062 Z: -31.188 uT
2025-04-05 07:37:16,145 - Sensor Telemetry: Temperature: 35.32 C, Humidity: 15.08 %, Pressure: 1020.18 hPa, Gas Resistance: 29892.00 ohms, Altitude: -57.54 meters, Displacment: 0.12 meters
2025-04-05 07:37:16,146 - -----------------------------------------------------------------------------------------------
2025-04-05 07:37:16,555 - IMU Telemetry: Acceleration: X: -5.957 Y: 6.113 Z: 5.035 m/s², Gyroscope: X: 0.000 Y: 0.000 Z: 0.000 rad/s, Magnetometer: X: 13.875 Y: 25.875 Z: -30.000 uT
2025-04-05 07:37:16,556 - Sensor Telemetry: Temperature: 35.33 C, Humidity: 15.07 %, Pressure: 1020.18 hPa, Gas Resistance: 30252.00 ohms, Altitude: -57.52 meters, Displacment: 0.14 meters
2025-04-05 07:37:16,556 - -----------------------------------------------------------------------------------------------
2025-04-05 07:37:16,965 - IMU Telemetry: Acceleration: X: -5.957 Y: 6.152 Z: 4.996 m/s², Gyroscope: X: 0.000 Y: 0.000 Z: 0.000 rad/s, Magnetometer: X: 13.438 Y: 24.938 Z: -29.250 uT
2025-04-05 07:37:16,966 - Sensor Telemetry: Temperature: 35.35 C, Humidity: 15.04 %, Pressure: 1020.18 hPa, Gas Resistance: 30146.00 ohms, Altitude: -57.54 meters, Displacment: 0.12 meters
2025-04-05 07:37:16,966 - -----------------------------------------------------------------------------------------------
2025-04-05 07:37:17,376 - IMU Telemetry: Acceleration: X: -5.996 Y: 6.031 Z: 5.074 m/s², Gyroscope: X: 0.000 Y: 0.000 Z: 0.000 rad/s, Magnetometer: X: 14.000 Y: 24.875 Z: -30.812 uT
2025-04-05 07:37:17,377 - Sensor Telemetry: Temperature: 35.36 C, Humidity: 15.01 %, Pressure: 1020.17 hPa, Gas Resistance: 30447.00 ohms, Altitude: -57.48 meters, Displacment: 0.18 meters
2025-04-05 07:37:17,377 - -----------------------------------------------------------------------------------------------
2025-04-05 07:37:17,785 - IMU Telemetry: Acceleration: X: -5.996 Y: 6.035 Z: 4.996 m/s², Gyroscope: X: 0.000 Y: 0.004 Z: 0.002 rad/s, Magnetometer: X: 13.312 Y: 25.688 Z: -31.188 uT
2025-04-05 07:37:17,785 - Sensor Telemetry: Temperature: 35.37 C, Humidity: 14.98 %, Pressure: 1020.17 hPa, Gas Resistance: 31045.00 ohms, Altitude: -57.46 meters, Displacment: 0.20 meters
2025-04-05 07:37:17,785 - -----------------------------------------------------------------------------------------------
2025-04-05 07:37:18,196 - IMU Telemetry: Acceleration: X: -5.996 Y: 6.113 Z: 4.961 m/s², Gyroscope: X: 0.002 Y: 0.023 Z: 0.006 rad/s, Magnetometer: X: 14.250 Y: 25.875 Z: -26.750 uT
2025-04-05 07:37:18,196 - Sensor Telemetry: Temperature: 35.38 C, Humidity: 14.94 %, Pressure: 1020.17 hPa, Gas Resistance: 31341.00 ohms, Altitude: -57.46 meters, Displacment: 0.20 meters
2025-04-05 07:37:18,196 - -----------------------------------------------------------------------------------------------
2025-04-05 07:37:18,605 - IMU Telemetry: Acceleration: X: -6.031 Y: 6.074 Z: 5.035 m/s², Gyroscope: X: 0.004 Y: 0.012 Z: 0.008 rad/s, Magnetometer: X: 13.625 Y: 26.500 Z: -29.938 uT
2025-04-05 07:37:18,605 - Sensor Telemetry: Temperature: 35.39 C, Humidity: 14.90 %, Pressure: 1020.17 hPa, Gas Resistance: 31644.00 ohms, Altitude: -57.41 meters, Displacment: 0.25 meters
2025-04-05 07:37:18,606 - -----------------------------------------------------------------------------------------------
2025-04-05 07:37:19,014 - IMU Telemetry: Acceleration: X: -5.996 Y: 6.152 Z: 5.035 m/s², Gyroscope: X: 0.000 Y: 0.000 Z: 0.000 rad/s, Magnetometer: X: 13.625 Y: 26.500 Z: -30.312 uT
2025-04-05 07:37:19,015 - Sensor Telemetry: Temperature: 35.40 C, Humidity: 14.88 %, Pressure: 1020.17 hPa, Gas Resistance: 31928.00 ohms, Altitude: -57.45 meters, Displacment: 0.21 meters
2025-04-05 07:37:19,015 - -----------------------------------------------------------------------------------------------
2025-04-05 07:37:19,426 - IMU Telemetry: Acceleration: X: -6.031 Y: 6.109 Z: 4.996 m/s², Gyroscope: X: 0.000 Y: 0.000 Z: 0.000 rad/s, Magnetometer: X: 13.875 Y: 26.500 Z: -30.688 uT
2025-04-05 07:37:19,426 - Sensor Telemetry: Temperature: 35.41 C, Humidity: 14.86 %, Pressure: 1020.17 hPa, Gas Resistance: 32217.00 ohms, Altitude: -57.47 meters, Displacment: 0.19 meters
2025-04-05 07:37:19,427 - -----------------------------------------------------------------------------------------------
2025-04-05 07:37:19,830 - IMU Telemetry: Acceleration: X: -5.996 Y: 6.070 Z: 4.996 m/s², Gyroscope: X: 0.000 Y: 0.000 Z: 0.000 rad/s, Magnetometer: X: 13.812 Y: 25.875 Z: -30.312 uT
2025-04-05 07:37:19,830 - Sensor Telemetry: Temperature: 35.42 C, Humidity: 14.81 %, Pressure: 1020.18 hPa, Gas Resistance: 32315.00 ohms, Altitude: -57.51 meters, Displacment: 0.15 meters
2025-04-05 07:37:19,831 - -----------------------------------------------------------------------------------------------
2025-04-05 07:37:20,237 - IMU Telemetry: Acceleration: X: -5.996 Y: 6.070 Z: 4.996 m/s², Gyroscope: X: 0.006 Y: 0.010 Z: 0.014 rad/s, Magnetometer: X: 13.562 Y: 26.438 Z: -30.750 uT
2025-04-05 07:37:20,237 - Sensor Telemetry: Temperature: 35.44 C, Humidity: 14.80 %, Pressure: 1020.18 hPa, Gas Resistance: 32837.00 ohms, Altitude: -57.49 meters, Displacment: 0.17 meters
2025-04-05 07:37:20,238 - -----------------------------------------------------------------------------------------------
2025-04-05 07:37:20,648 - IMU Telemetry: Acceleration: X: -6.031 Y: 6.109 Z: 4.996 m/s², Gyroscope: X: -0.012 Y: -0.018 Z: -0.004 rad/s, Magnetometer: X: 14.250 Y: 27.000 Z: -28.625 uT
2025-04-05 07:37:20,649 - Sensor Telemetry: Temperature: 35.44 C, Humidity: 14.76 %, Pressure: 1020.17 hPa, Gas Resistance: 32736.00 ohms, Altitude: -57.44 meters, Displacment: 0.22 meters
2025-04-05 07:37:20,649 - -----------------------------------------------------------------------------------------------
2025-04-05 07:37:21,056 - IMU Telemetry: Acceleration: X: -5.879 Y: 6.035 Z: 4.996 m/s², Gyroscope: X: -0.002 Y: -0.012 Z: -0.008 rad/s, Magnetometer: X: 14.312 Y: 26.562 Z: -30.625 uT
2025-04-05 07:37:21,057 - Sensor Telemetry: Temperature: 35.45 C, Humidity: 14.72 %, Pressure: 1020.16 hPa, Gas Resistance: 33324.00 ohms, Altitude: -57.40 meters, Displacment: 0.26 meters
2025-04-05 07:37:21,057 - -----------------------------------------------------------------------------------------------
2025-04-05 07:37:21,465 - IMU Telemetry: Acceleration: X: -6.031 Y: 6.031 Z: 5.035 m/s², Gyroscope: X: 0.000 Y: 0.000 Z: 0.000 rad/s, Magnetometer: X: 13.812 Y: 26.188 Z: -30.750 uT
2025-04-05 07:37:21,465 - Sensor Telemetry: Temperature: 35.46 C, Humidity: 14.69 %, Pressure: 1020.17 hPa, Gas Resistance: 33272.00 ohms, Altitude: -57.41 meters, Displacment: 0.25 meters
2025-04-05 07:37:21,465 - -----------------------------------------------------------------------------------------------
2025-04-05 07:37:21,871 - IMU Telemetry: Acceleration: X: -5.996 Y: 6.070 Z: 4.996 m/s², Gyroscope: X: 0.000 Y: 0.000 Z: 0.000 rad/s, Magnetometer: X: 13.375 Y: 27.062 Z: -29.938 uT
2025-04-05 07:37:21,872 - Sensor Telemetry: Temperature: 35.47 C, Humidity: 14.66 %, Pressure: 1020.17 hPa, Gas Resistance: 34096.00 ohms, Altitude: -57.43 meters, Displacment: 0.23 meters
2025-04-05 07:37:21,872 - -----------------------------------------------------------------------------------------------
2025-04-05 07:37:22,281 - IMU Telemetry: Acceleration: X: -5.996 Y: 6.070 Z: 5.035 m/s², Gyroscope: X: 0.000 Y: 0.000 Z: 0.000 rad/s, Magnetometer: X: 13.625 Y: 26.750 Z: -30.688 uT
2025-04-05 07:37:22,281 - Sensor Telemetry: Temperature: 35.48 C, Humidity: 14.63 %, Pressure: 1020.18 hPa, Gas Resistance: 33799.00 ohms, Altitude: -57.49 meters, Displacment: 0.17 meters
2025-04-05 07:37:22,281 - -----------------------------------------------------------------------------------------------
2025-04-05 07:37:22,691 - IMU Telemetry: Acceleration: X: -5.918 Y: 6.035 Z: 5.035 m/s², Gyroscope: X: 0.000 Y: 0.000 Z: 0.000 rad/s, Magnetometer: X: 12.000 Y: 26.312 Z: -29.688 uT
2025-04-05 07:37:22,691 - Sensor Telemetry: Temperature: 35.48 C, Humidity: 14.59 %, Pressure: 1020.17 hPa, Gas Resistance: 34622.00 ohms, Altitude: -57.48 meters, Displacment: 0.19 meters
2025-04-05 07:37:22,692 - -----------------------------------------------------------------------------------------------
2025-04-05 07:37:23,101 - IMU Telemetry: Acceleration: X: -5.996 Y: 6.070 Z: 5.035 m/s², Gyroscope: X: 0.000 Y: 0.000 Z: 0.000 rad/s, Magnetometer: X: 13.938 Y: 26.812 Z: -30.688 uT
2025-04-05 07:37:23,101 - Sensor Telemetry: Temperature: 35.49 C, Humidity: 14.55 %, Pressure: 1020.18 hPa, Gas Resistance: 34594.00 ohms, Altitude: -57.51 meters, Displacment: 0.15 meters
2025-04-05 07:37:23,102 - -----------------------------------------------------------------------------------------------
2025-04-05 07:37:23,509 - IMU Telemetry: Acceleration: X: -5.957 Y: 6.035 Z: 4.996 m/s², Gyroscope: X: 0.000 Y: 0.000 Z: 0.000 rad/s, Magnetometer: X: 13.250 Y: 26.750 Z: -30.375 uT
2025-04-05 07:37:23,509 - Sensor Telemetry: Temperature: 35.49 C, Humidity: 14.51 %, Pressure: 1020.18 hPa, Gas Resistance: 34934.00 ohms, Altitude: -57.55 meters, Displacment: 0.11 meters
2025-04-05 07:37:23,510 - -----------------------------------------------------------------------------------------------
2025-04-05 07:37:23,921 - IMU Telemetry: Acceleration: X: -5.996 Y: 6.070 Z: 5.035 m/s², Gyroscope: X: 0.000 Y: 0.000 Z: 0.000 rad/s, Magnetometer: X: 13.250 Y: 25.062 Z: -30.875 uT
2025-04-05 07:37:23,921 - Sensor Telemetry: Temperature: 35.50 C, Humidity: 14.47 %, Pressure: 1020.18 hPa, Gas Resistance: 34707.00 ohms, Altitude: -57.55 meters, Displacment: 0.11 meters
2025-04-05 07:37:23,922 - -----------------------------------------------------------------------------------------------
2025-04-05 07:37:24,332 - IMU Telemetry: Acceleration: X: -5.957 Y: 6.070 Z: 4.996 m/s², Gyroscope: X: 0.000 Y: 0.000 Z: 0.000 rad/s, Magnetometer: X: 13.125 Y: 26.062 Z: -30.438 uT
2025-04-05 07:37:24,333 - Sensor Telemetry: Temperature: 35.50 C, Humidity: 14.44 %, Pressure: 1020.18 hPa, Gas Resistance: 35457.00 ohms, Altitude: -57.55 meters, Displacment: 0.11 meters
2025-04-05 07:37:24,333 - -----------------------------------------------------------------------------------------------
2025-04-05 07:37:24,741 - IMU Telemetry: Acceleration: X: -5.996 Y: 6.152 Z: 4.996 m/s², Gyroscope: X: 0.000 Y: 0.000 Z: 0.000 rad/s, Magnetometer: X: 12.562 Y: 25.062 Z: -29.750 uT
2025-04-05 07:37:24,741 - Sensor Telemetry: Temperature: 35.50 C, Humidity: 14.40 %, Pressure: 1020.18 hPa, Gas Resistance: 35754.00 ohms, Altitude: -57.55 meters, Displacment: 0.11 meters
2025-04-05 07:37:24,741 - -----------------------------------------------------------------------------------------------
2025-04-05 07:37:25,152 - IMU Telemetry: Acceleration: X: -5.996 Y: 6.035 Z: 5.035 m/s², Gyroscope: X: 0.000 Y: 0.000 Z: 0.000 rad/s, Magnetometer: X: 14.562 Y: 26.438 Z: -28.312 uT
2025-04-05 07:37:25,152 - Sensor Telemetry: Temperature: 35.51 C, Humidity: 14.35 %, Pressure: 1020.18 hPa, Gas Resistance: 35995.00 ohms, Altitude: -57.50 meters, Displacment: 0.16 meters
2025-04-05 07:37:25,153 - -----------------------------------------------------------------------------------------------
2025-04-05 07:37:25,561 - IMU Telemetry: Acceleration: X: -5.957 Y: 6.070 Z: 4.961 m/s², Gyroscope: X: -0.002 Y: 0.000 Z: -0.008 rad/s, Magnetometer: X: 12.188 Y: 25.875 Z: -31.312 uT
2025-04-05 07:37:25,561 - Sensor Telemetry: Temperature: 35.51 C, Humidity: 14.31 %, Pressure: 1020.17 hPa, Gas Resistance: 35934.00 ohms, Altitude: -57.42 meters, Displacment: 0.24 meters
2025-04-05 07:37:25,561 - -----------------------------------------------------------------------------------------------
2025-04-05 07:37:25,970 - IMU Telemetry: Acceleration: X: -5.996 Y: 6.035 Z: 4.996 m/s², Gyroscope: X: -0.008 Y: -0.014 Z: -0.002 rad/s, Magnetometer: X: 12.562 Y: 25.312 Z: -30.562 uT
2025-04-05 07:37:25,970 - Sensor Telemetry: Temperature: 35.52 C, Humidity: 14.27 %, Pressure: 1020.16 hPa, Gas Resistance: 36025.00 ohms, Altitude: -57.39 meters, Displacment: 0.27 meters
2025-04-05 07:37:25,971 - -----------------------------------------------------------------------------------------------
2025-04-05 07:37:26,381 - IMU Telemetry: Acceleration: X: -5.996 Y: 6.070 Z: 5.035 m/s², Gyroscope: X: 0.000 Y: 0.000 Z: 0.000 rad/s, Magnetometer: X: 12.562 Y: 26.750 Z: -29.250 uT
2025-04-05 07:37:26,382 - Sensor Telemetry: Temperature: 35.52 C, Humidity: 14.25 %, Pressure: 1020.17 hPa, Gas Resistance: 36519.00 ohms, Altitude: -57.45 meters, Displacment: 0.22 meters
2025-04-05 07:37:26,382 - -----------------------------------------------------------------------------------------------
2025-04-05 07:37:26,791 - IMU Telemetry: Acceleration: X: -5.996 Y: 6.070 Z: 4.996 m/s², Gyroscope: X: 0.000 Y: 0.000 Z: 0.000 rad/s, Magnetometer: X: 12.688 Y: 26.000 Z: -30.500 uT
2025-04-05 07:37:26,791 - Sensor Telemetry: Temperature: 35.53 C, Humidity: 14.36 %, Pressure: 1020.18 hPa, Gas Resistance: 36644.00 ohms, Altitude: -57.55 meters, Displacment: 0.11 meters
2025-04-05 07:37:26,792 - -----------------------------------------------------------------------------------------------
2025-04-05 07:37:27,196 - IMU Telemetry: Acceleration: X: -5.996 Y: 6.113 Z: 5.035 m/s², Gyroscope: X: 0.000 Y: 0.000 Z: 0.000 rad/s, Magnetometer: X: 12.375 Y: 26.312 Z: -30.062 uT
2025-04-05 07:37:27,197 - Sensor Telemetry: Temperature: 35.55 C, Humidity: 14.33 %, Pressure: 1020.18 hPa, Gas Resistance: 36994.00 ohms, Altitude: -57.55 meters, Displacment: 0.11 meters
2025-04-05 07:37:27,197 - -----------------------------------------------------------------------------------------------
2025-04-05 07:37:27,606 - IMU Telemetry: Acceleration: X: -5.996 Y: 6.152 Z: 4.961 m/s², Gyroscope: X: 0.000 Y: 0.000 Z: 0.000 rad/s, Magnetometer: X: 13.438 Y: 26.875 Z: -28.750 uT
2025-04-05 07:37:27,606 - Sensor Telemetry: Temperature: 35.55 C, Humidity: 14.17 %, Pressure: 1020.18 hPa, Gas Resistance: 37058.00 ohms, Altitude: -57.52 meters, Displacment: 0.14 meters
2025-04-05 07:37:27,606 - -----------------------------------------------------------------------------------------------
2025-04-05 07:37:28,013 - IMU Telemetry: Acceleration: X: -5.996 Y: 6.035 Z: 5.035 m/s², Gyroscope: X: 0.000 Y: 0.000 Z: 0.000 rad/s, Magnetometer: X: 12.562 Y: 25.938 Z: -31.312 uT
2025-04-05 07:37:28,014 - Sensor Telemetry: Temperature: 35.56 C, Humidity: 14.14 %, Pressure: 1020.17 hPa, Gas Resistance: 37350.00 ohms, Altitude: -57.45 meters, Displacment: 0.22 meters
2025-04-05 07:37:28,014 - -----------------------------------------------------------------------------------------------
2025-04-05 07:37:28,423 - IMU Telemetry: Acceleration: X: -6.031 Y: 6.184 Z: 4.996 m/s², Gyroscope: X: 0.000 Y: 0.000 Z: 0.000 rad/s, Magnetometer: X: 12.688 Y: 26.625 Z: -31.250 uT
2025-04-05 07:37:28,423 - Sensor Telemetry: Temperature: 35.57 C, Humidity: 14.13 %, Pressure: 1020.16 hPa, Gas Resistance: 37481.00 ohms, Altitude: -57.37 meters, Displacment: 0.29 meters
2025-04-05 07:37:28,424 - -----------------------------------------------------------------------------------------------
2025-04-05 07:37:28,835 - IMU Telemetry: Acceleration: X: -5.957 Y: 6.113 Z: 4.996 m/s², Gyroscope: X: 0.000 Y: 0.000 Z: 0.000 rad/s, Magnetometer: X: 12.812 Y: 26.688 Z: -30.438 uT
2025-04-05 07:37:28,836 - Sensor Telemetry: Temperature: 35.57 C, Humidity: 14.09 %, Pressure: 1020.16 hPa, Gas Resistance: 37780.00 ohms, Altitude: -57.36 meters, Displacment: 0.30 meters
2025-04-05 07:37:28,836 - -----------------------------------------------------------------------------------------------
2025-04-05 07:37:29,244 - IMU Telemetry: Acceleration: X: -5.996 Y: 6.113 Z: 4.996 m/s², Gyroscope: X: 0.000 Y: 0.000 Z: 0.000 rad/s, Magnetometer: X: 13.062 Y: 26.062 Z: -30.812 uT
2025-04-05 07:37:29,245 - Sensor Telemetry: Temperature: 35.58 C, Humidity: 14.09 %, Pressure: 1020.15 hPa, Gas Resistance: 37780.00 ohms, Altitude: -57.28 meters, Displacment: 0.38 meters
2025-04-05 07:37:29,245 - -----------------------------------------------------------------------------------------------
2025-04-05 07:37:29,656 - IMU Telemetry: Acceleration: X: -5.957 Y: 6.074 Z: 5.074 m/s², Gyroscope: X: 0.000 Y: -0.012 Z: -0.002 rad/s, Magnetometer: X: 12.438 Y: 25.750 Z: -28.938 uT
2025-04-05 07:37:29,657 - Sensor Telemetry: Temperature: 35.58 C, Humidity: 14.11 %, Pressure: 1020.16 hPa, Gas Resistance: 37746.00 ohms, Altitude: -57.32 meters, Displacment: 0.34 meters
2025-04-05 07:37:29,657 - -----------------------------------------------------------------------------------------------
2025-04-05 07:37:30,065 - IMU Telemetry: Acceleration: X: -5.996 Y: 6.113 Z: 4.996 m/s², Gyroscope: X: -0.002 Y: 0.000 Z: -0.002 rad/s, Magnetometer: X: 11.750 Y: 25.500 Z: -31.000 uT
2025-04-05 07:37:30,065 - Sensor Telemetry: Temperature: 35.59 C, Humidity: 14.06 %, Pressure: 1020.16 hPa, Gas Resistance: 38496.00 ohms, Altitude: -57.37 meters, Displacment: 0.29 meters
2025-04-05 07:37:30,065 - -----------------------------------------------------------------------------------------------
2025-04-05 07:37:30,474 - IMU Telemetry: Acceleration: X: -6.031 Y: 6.109 Z: 4.961 m/s², Gyroscope: X: 0.002 Y: 0.004 Z: 0.008 rad/s, Magnetometer: X: 12.750 Y: 26.062 Z: -30.062 uT
2025-04-05 07:37:30,474 - Sensor Telemetry: Temperature: 35.59 C, Humidity: 14.02 %, Pressure: 1020.16 hPa, Gas Resistance: 38531.00 ohms, Altitude: -57.35 meters, Displacment: 0.31 meters
2025-04-05 07:37:30,475 - -----------------------------------------------------------------------------------------------
2025-04-05 07:37:30,885 - IMU Telemetry: Acceleration: X: -5.957 Y: 5.996 Z: 5.035 m/s², Gyroscope: X: 0.002 Y: -0.008 Z: -0.002 rad/s, Magnetometer: X: 12.250 Y: 26.500 Z: -31.688 uT
2025-04-05 07:37:30,886 - Sensor Telemetry: Temperature: 35.60 C, Humidity: 14.01 %, Pressure: 1020.16 hPa, Gas Resistance: 38740.00 ohms, Altitude: -57.34 meters, Displacment: 0.32 meters
2025-04-05 07:37:30,886 - -----------------------------------------------------------------------------------------------
2025-04-05 07:37:31,295 - IMU Telemetry: Acceleration: X: -5.996 Y: 6.113 Z: 5.035 m/s², Gyroscope: X: 0.000 Y: -0.004 Z: -0.006 rad/s, Magnetometer: X: 13.750 Y: 26.875 Z: -29.562 uT
2025-04-05 07:37:31,295 - Sensor Telemetry: Temperature: 35.61 C, Humidity: 14.03 %, Pressure: 1020.16 hPa, Gas Resistance: 38670.00 ohms, Altitude: -57.36 meters, Displacment: 0.31 meters
2025-04-05 07:37:31,296 - -----------------------------------------------------------------------------------------------
2025-04-05 07:37:31,700 - IMU Telemetry: Acceleration: X: -5.957 Y: 5.996 Z: 4.961 m/s², Gyroscope: X: 0.004 Y: 0.008 Z: 0.000 rad/s, Magnetometer: X: 12.125 Y: 25.250 Z: -30.625 uT
2025-04-05 07:37:31,701 - Sensor Telemetry: Temperature: 35.62 C, Humidity: 14.07 %, Pressure: 1020.17 hPa, Gas Resistance: 38776.00 ohms, Altitude: -57.41 meters, Displacment: 0.25 meters
2025-04-05 07:37:31,701 - -----------------------------------------------------------------------------------------------
