2025-04-03 18:23:49,297 - IMU Telemetry: Acceleration: X: 0.145 Y: -9.859 Z: -1.051 m/s², Gyroscope: X: 0.000 Y: -0.002 Z: 0.000 rad/s, Magnetometer: X: -4.062 Y: 15.812 Z: -10.312 uT
2025-04-03 18:23:49,298 - Sensor Telemetry: Temperature: 22.73 C, Humidity: 46.54 %, Pressure: 1002.52 hPa, Gas Resistance: 58474.00 ohms, Altitude: 89.70 meters, Displacment: 0.00 meters
2025-04-03 18:23:49,298 - -----------------------------------------------------------------------------------------------
2025-04-03 18:23:50,505 - IMU Telemetry: Acceleration: X: 0.145 Y: -9.824 Z: -1.051 m/s², Gyroscope: X: 0.000 Y: 0.000 Z: 0.000 rad/s, Magnetometer: X: -4.688 Y: 15.188 Z: -11.188 uT
2025-04-03 18:23:50,505 - Sensor Telemetry: Temperature: 22.75 C, Humidity: 46.50 %, Pressure: 1002.52 hPa, Gas Resistance: 17130.00 ohms, Altitude: 89.67 meters, Displacment: -0.02 meters
2025-04-03 18:23:50,506 - -----------------------------------------------------------------------------------------------
2025-04-03 18:23:51,709 - IMU Telemetry: Acceleration: X: 0.145 Y: -9.824 Z: -1.051 m/s², Gyroscope: X: 0.000 Y: 0.000 Z: 0.000 rad/s, Magnetometer: X: -4.125 Y: 16.062 Z: -9.312 uT
2025-04-03 18:23:51,709 - Sensor Telemetry: Temperature: 22.80 C, Humidity: 46.40 %, Pressure: 1002.52 hPa, Gas Resistance: 21476.00 ohms, Altitude: 89.66 meters, Displacment: -0.03 meters
2025-04-03 18:23:51,709 - -----------------------------------------------------------------------------------------------
2025-04-03 18:23:52,920 - IMU Telemetry: Acceleration: X: 0.145 Y: -9.824 Z: -1.051 m/s², Gyroscope: X: 0.000 Y: 0.000 Z: -0.002 rad/s, Magnetometer: X: -4.250 Y: 15.312 Z: -11.750 uT
2025-04-03 18:23:52,921 - Sensor Telemetry: Temperature: 22.84 C, Humidity: 46.28 %, Pressure: 1002.52 hPa, Gas Resistance: 24348.00 ohms, Altitude: 89.72 meters, Displacment: 0.02 meters
2025-04-03 18:23:52,921 - -----------------------------------------------------------------------------------------------
2025-04-03 18:23:54,127 - IMU Telemetry: Acceleration: X: 0.145 Y: -9.859 Z: -1.051 m/s², Gyroscope: X: 0.000 Y: 0.000 Z: 0.000 rad/s, Magnetometer: X: 2.312 Y: -0.375 Z: -31.000 uT
2025-04-03 18:23:54,127 - Sensor Telemetry: Temperature: 22.88 C, Humidity: 46.14 %, Pressure: 1002.51 hPa, Gas Resistance: 26202.00 ohms, Altitude: 89.75 meters, Displacment: 0.05 meters
2025-04-03 18:23:54,127 - -----------------------------------------------------------------------------------------------
2025-04-03 18:23:55,332 - IMU Telemetry: Acceleration: X: 2.363 Y: -2.312 Z: 8.906 m/s², Gyroscope: X: 1.766 Y: -1.619 Z: 1.197 rad/s, Magnetometer: X: -22.875 Y: -11.000 Z: -29.125 uT
2025-04-03 18:23:55,333 - Sensor Telemetry: Temperature: 22.91 C, Humidity: 46.01 %, Pressure: 1002.50 hPa, Gas Resistance: 27187.00 ohms, Altitude: 89.87 meters, Displacment: 0.17 meters
2025-04-03 18:23:55,333 - -----------------------------------------------------------------------------------------------
2025-04-03 18:23:55,333 - Ascent Triggered: True
2025-04-03 18:23:56,535 - IMU Telemetry: Acceleration: X: 6.926 Y: 1.020 Z: 5.996 m/s², Gyroscope: X: 0.037 Y: -0.131 Z: -0.152 rad/s, Magnetometer: X: -22.750 Y: -11.562 Z: -28.625 uT
2025-04-03 18:23:56,535 - Sensor Telemetry: Temperature: 22.94 C, Humidity: 45.86 %, Pressure: 1002.50 hPa, Gas Resistance: 28138.00 ohms, Altitude: 89.84 meters, Displacment: 0.15 meters
2025-04-03 18:23:56,535 - -----------------------------------------------------------------------------------------------
2025-04-03 18:23:57,743 - IMU Telemetry: Acceleration: X: 2.402 Y: -0.051 Z: 11.477 m/s², Gyroscope: X: -0.023 Y: 1.160 Z: -0.408 rad/s, Magnetometer: X: -5.562 Y: -12.875 Z: -20.938 uT
2025-04-03 18:23:57,743 - Sensor Telemetry: Temperature: 22.96 C, Humidity: 45.75 %, Pressure: 1002.51 hPa, Gas Resistance: 28802.00 ohms, Altitude: 89.81 meters, Displacment: 0.11 meters
2025-04-03 18:23:57,744 - -----------------------------------------------------------------------------------------------
2025-04-03 18:23:58,956 - IMU Telemetry: Acceleration: X: 0.145 Y: -9.863 Z: -0.938 m/s², Gyroscope: X: 0.008 Y: -0.004 Z: 0.004 rad/s, Magnetometer: X: 0.562 Y: 17.125 Z: -10.812 uT
2025-04-03 18:23:58,956 - Sensor Telemetry: Temperature: 22.98 C, Humidity: 45.65 %, Pressure: 1002.51 hPa, Gas Resistance: 29277.00 ohms, Altitude: 89.80 meters, Displacment: 0.10 meters
2025-04-03 18:23:58,956 - -----------------------------------------------------------------------------------------------
2025-04-03 18:24:00,162 - IMU Telemetry: Acceleration: X: 0.145 Y: -9.863 Z: -0.938 m/s², Gyroscope: X: 0.004 Y: -0.002 Z: 0.002 rad/s, Magnetometer: X: 0.250 Y: 17.125 Z: -12.812 uT
2025-04-03 18:24:00,163 - Sensor Telemetry: Temperature: 22.99 C, Humidity: 45.59 %, Pressure: 1002.51 hPa, Gas Resistance: 29725.00 ohms, Altitude: 89.81 meters, Displacment: 0.12 meters
2025-04-03 18:24:00,163 - -----------------------------------------------------------------------------------------------
2025-04-03 18:24:01,364 - IMU Telemetry: Acceleration: X: 0.145 Y: -9.863 Z: -0.973 m/s², Gyroscope: X: 0.004 Y: 0.000 Z: 0.000 rad/s, Magnetometer: X: 0.688 Y: 17.125 Z: -11.438 uT
2025-04-03 18:24:01,364 - Sensor Telemetry: Temperature: 23.01 C, Humidity: 45.58 %, Pressure: 1002.51 hPa, Gas Resistance: 30146.00 ohms, Altitude: 89.76 meters, Displacment: 0.07 meters
2025-04-03 18:24:01,365 - -----------------------------------------------------------------------------------------------
2025-04-03 18:24:01,365 - Plateau Count: 1
2025-04-03 18:24:02,569 - IMU Telemetry: Acceleration: X: 0.145 Y: -9.863 Z: -0.973 m/s², Gyroscope: X: 0.000 Y: 0.000 Z: 0.000 rad/s, Magnetometer: X: -0.188 Y: 16.500 Z: -12.688 uT
2025-04-03 18:24:02,569 - Sensor Telemetry: Temperature: 23.02 C, Humidity: 45.57 %, Pressure: 1002.51 hPa, Gas Resistance: 30622.00 ohms, Altitude: 89.76 meters, Displacment: 0.07 meters
2025-04-03 18:24:02,569 - -----------------------------------------------------------------------------------------------
2025-04-03 18:24:02,570 - Plateau Count: 2
2025-04-03 18:24:03,774 - IMU Telemetry: Acceleration: X: 0.145 Y: -9.863 Z: -0.938 m/s², Gyroscope: X: 0.004 Y: 0.000 Z: 0.002 rad/s, Magnetometer: X: 1.438 Y: 16.875 Z: -13.625 uT
2025-04-03 18:24:03,775 - Sensor Telemetry: Temperature: 23.03 C, Humidity: 45.54 %, Pressure: 1002.51 hPa, Gas Resistance: 30955.00 ohms, Altitude: 89.81 meters, Displacment: 0.11 meters
2025-04-03 18:24:03,775 - -----------------------------------------------------------------------------------------------
2025-04-03 18:24:04,974 - IMU Telemetry: Acceleration: X: 0.145 Y: -9.863 Z: -0.938 m/s², Gyroscope: X: 0.000 Y: 0.000 Z: 0.000 rad/s, Magnetometer: X: 0.438 Y: 16.625 Z: -12.875 uT
2025-04-03 18:24:04,975 - Sensor Telemetry: Temperature: 23.04 C, Humidity: 45.50 %, Pressure: 1002.51 hPa, Gas Resistance: 31272.00 ohms, Altitude: 89.81 meters, Displacment: 0.11 meters
2025-04-03 18:24:04,975 - -----------------------------------------------------------------------------------------------
2025-04-03 18:24:06,175 - IMU Telemetry: Acceleration: X: 0.145 Y: -9.863 Z: -0.938 m/s², Gyroscope: X: 0.000 Y: -0.002 Z: 0.000 rad/s, Magnetometer: X: 1.625 Y: 16.625 Z: -13.125 uT
2025-04-03 18:24:06,175 - Sensor Telemetry: Temperature: 23.05 C, Humidity: 45.44 %, Pressure: 1002.51 hPa, Gas Resistance: 31527.00 ohms, Altitude: 89.83 meters, Displacment: 0.13 meters
2025-04-03 18:24:06,176 - -----------------------------------------------------------------------------------------------
2025-04-03 18:24:07,377 - IMU Telemetry: Acceleration: X: 0.145 Y: -9.863 Z: -0.938 m/s², Gyroscope: X: 0.000 Y: 0.000 Z: 0.002 rad/s, Magnetometer: X: 1.500 Y: 17.688 Z: -12.625 uT
2025-04-03 18:24:07,377 - Sensor Telemetry: Temperature: 23.06 C, Humidity: 45.40 %, Pressure: 1002.50 hPa, Gas Resistance: 31785.00 ohms, Altitude: 89.88 meters, Displacment: 0.18 meters
2025-04-03 18:24:07,378 - -----------------------------------------------------------------------------------------------
2025-04-03 18:24:08,578 - IMU Telemetry: Acceleration: X: 0.145 Y: -9.863 Z: -0.938 m/s², Gyroscope: X: 0.000 Y: 0.000 Z: 0.000 rad/s, Magnetometer: X: 1.562 Y: 17.750 Z: -13.250 uT
2025-04-03 18:24:08,579 - Sensor Telemetry: Temperature: 23.07 C, Humidity: 45.34 %, Pressure: 1002.50 hPa, Gas Resistance: 31976.00 ohms, Altitude: 89.86 meters, Displacment: 0.17 meters
2025-04-03 18:24:08,580 - -----------------------------------------------------------------------------------------------
2025-04-03 18:24:09,786 - IMU Telemetry: Acceleration: X: 0.145 Y: -9.863 Z: -0.938 m/s², Gyroscope: X: -0.002 Y: 0.000 Z: 0.000 rad/s, Magnetometer: X: 0.938 Y: 17.062 Z: -8.875 uT
2025-04-03 18:24:09,787 - Sensor Telemetry: Temperature: 23.08 C, Humidity: 45.29 %, Pressure: 1002.50 hPa, Gas Resistance: 32266.00 ohms, Altitude: 89.87 meters, Displacment: 0.17 meters
2025-04-03 18:24:09,787 - -----------------------------------------------------------------------------------------------
2025-04-03 18:24:10,996 - IMU Telemetry: Acceleration: X: 0.145 Y: -9.859 Z: -0.898 m/s², Gyroscope: X: 0.004 Y: 0.000 Z: 0.002 rad/s, Magnetometer: X: 1.438 Y: 17.625 Z: -12.125 uT
2025-04-03 18:24:10,997 - Sensor Telemetry: Temperature: 23.08 C, Humidity: 45.25 %, Pressure: 1002.50 hPa, Gas Resistance: 32512.00 ohms, Altitude: 89.85 meters, Displacment: 0.15 meters
2025-04-03 18:24:10,997 - -----------------------------------------------------------------------------------------------
2025-04-03 18:24:12,206 - IMU Telemetry: Acceleration: X: 0.145 Y: -9.859 Z: -0.898 m/s², Gyroscope: X: 0.002 Y: -0.002 Z: 0.000 rad/s, Magnetometer: X: 0.625 Y: 16.000 Z: -10.812 uT
2025-04-03 18:24:12,207 - Sensor Telemetry: Temperature: 23.09 C, Humidity: 45.21 %, Pressure: 1002.50 hPa, Gas Resistance: 32636.00 ohms, Altitude: 89.83 meters, Displacment: 0.14 meters
2025-04-03 18:24:12,207 - -----------------------------------------------------------------------------------------------
2025-04-03 18:24:13,412 - IMU Telemetry: Acceleration: X: 0.145 Y: -9.859 Z: -0.898 m/s², Gyroscope: X: -0.002 Y: 0.002 Z: 0.000 rad/s, Magnetometer: X: 1.000 Y: 16.875 Z: -9.938 uT
2025-04-03 18:24:13,412 - Sensor Telemetry: Temperature: 23.09 C, Humidity: 45.18 %, Pressure: 1002.51 hPa, Gas Resistance: 32611.00 ohms, Altitude: 89.82 meters, Displacment: 0.12 meters
2025-04-03 18:24:13,412 - -----------------------------------------------------------------------------------------------
2025-04-03 18:24:14,622 - IMU Telemetry: Acceleration: X: 0.145 Y: -9.859 Z: -0.898 m/s², Gyroscope: X: 0.002 Y: 0.000 Z: 0.000 rad/s, Magnetometer: X: 0.500 Y: 17.062 Z: -10.312 uT
2025-04-03 18:24:14,623 - Sensor Telemetry: Temperature: 23.10 C, Humidity: 45.15 %, Pressure: 1002.51 hPa, Gas Resistance: 32837.00 ohms, Altitude: 89.78 meters, Displacment: 0.08 meters
2025-04-03 18:24:14,623 - -----------------------------------------------------------------------------------------------
2025-04-03 18:24:14,623 - Plateau Count: 1
2025-04-03 18:24:15,829 - IMU Telemetry: Acceleration: X: 0.145 Y: -9.863 Z: -0.938 m/s², Gyroscope: X: -0.002 Y: 0.000 Z: -0.004 rad/s, Magnetometer: X: -1.062 Y: 15.438 Z: -11.938 uT
2025-04-03 18:24:15,829 - Sensor Telemetry: Temperature: 23.10 C, Humidity: 45.12 %, Pressure: 1002.51 hPa, Gas Resistance: 32887.00 ohms, Altitude: 89.81 meters, Displacment: 0.11 meters
2025-04-03 18:24:15,829 - -----------------------------------------------------------------------------------------------
2025-04-03 18:24:17,035 - IMU Telemetry: Acceleration: X: 0.145 Y: -9.859 Z: -0.898 m/s², Gyroscope: X: 0.000 Y: 0.000 Z: 0.000 rad/s, Magnetometer: X: 1.562 Y: 16.938 Z: -9.562 uT
2025-04-03 18:24:17,036 - Sensor Telemetry: Temperature: 23.11 C, Humidity: 45.07 %, Pressure: 1002.51 hPa, Gas Resistance: 33195.00 ohms, Altitude: 89.82 meters, Displacment: 0.12 meters
2025-04-03 18:24:17,036 - -----------------------------------------------------------------------------------------------
2025-04-03 18:24:18,243 - IMU Telemetry: Acceleration: X: 0.145 Y: -9.859 Z: -0.898 m/s², Gyroscope: X: 0.000 Y: 0.000 Z: 0.000 rad/s, Magnetometer: X: 1.750 Y: 17.438 Z: -12.688 uT
2025-04-03 18:24:18,244 - Sensor Telemetry: Temperature: 23.11 C, Humidity: 45.03 %, Pressure: 1002.51 hPa, Gas Resistance: 33220.00 ohms, Altitude: 89.81 meters, Displacment: 0.12 meters
2025-04-03 18:24:18,244 - -----------------------------------------------------------------------------------------------
2025-04-03 18:24:19,446 - IMU Telemetry: Acceleration: X: 0.145 Y: -9.859 Z: -0.898 m/s², Gyroscope: X: 0.000 Y: -0.002 Z: 0.000 rad/s, Magnetometer: X: 0.938 Y: 16.688 Z: -11.938 uT
2025-04-03 18:24:19,446 - Sensor Telemetry: Temperature: 23.12 C, Humidity: 45.01 %, Pressure: 1002.50 hPa, Gas Resistance: 33534.00 ohms, Altitude: 89.85 meters, Displacment: 0.15 meters
2025-04-03 18:24:19,447 - -----------------------------------------------------------------------------------------------
2025-04-03 18:24:20,652 - IMU Telemetry: Acceleration: X: 0.145 Y: -9.859 Z: -0.898 m/s², Gyroscope: X: 0.000 Y: 0.000 Z: 0.000 rad/s, Magnetometer: X: 2.188 Y: 17.188 Z: -11.750 uT
2025-04-03 18:24:20,653 - Sensor Telemetry: Temperature: 23.12 C, Humidity: 44.98 %, Pressure: 1002.50 hPa, Gas Resistance: 33719.00 ohms, Altitude: 89.86 meters, Displacment: 0.17 meters
2025-04-03 18:24:20,653 - -----------------------------------------------------------------------------------------------
2025-04-03 18:24:21,855 - IMU Telemetry: Acceleration: X: 0.145 Y: -9.859 Z: -0.898 m/s², Gyroscope: X: 0.000 Y: 0.000 Z: 0.000 rad/s, Magnetometer: X: 1.688 Y: 17.125 Z: -12.625 uT
2025-04-03 18:24:21,855 - Sensor Telemetry: Temperature: 23.12 C, Humidity: 44.96 %, Pressure: 1002.50 hPa, Gas Resistance: 33560.00 ohms, Altitude: 89.84 meters, Displacment: 0.14 meters
2025-04-03 18:24:21,860 - -----------------------------------------------------------------------------------------------
2025-04-03 18:24:23,063 - IMU Telemetry: Acceleration: X: 0.145 Y: -9.859 Z: -0.898 m/s², Gyroscope: X: 0.000 Y: 0.000 Z: 0.000 rad/s, Magnetometer: X: -0.125 Y: 16.438 Z: -11.188 uT
2025-04-03 18:24:23,063 - Sensor Telemetry: Temperature: 23.13 C, Humidity: 44.92 %, Pressure: 1002.50 hPa, Gas Resistance: 33773.00 ohms, Altitude: 89.83 meters, Displacment: 0.13 meters
2025-04-03 18:24:23,064 - -----------------------------------------------------------------------------------------------
2025-04-03 18:24:24,266 - IMU Telemetry: Acceleration: X: 0.145 Y: -9.859 Z: -0.898 m/s², Gyroscope: X: 0.000 Y: 0.000 Z: 0.000 rad/s, Magnetometer: X: 0.312 Y: 16.812 Z: -11.312 uT
2025-04-03 18:24:24,267 - Sensor Telemetry: Temperature: 23.13 C, Humidity: 44.89 %, Pressure: 1002.51 hPa, Gas Resistance: 33719.00 ohms, Altitude: 89.82 meters, Displacment: 0.13 meters
2025-04-03 18:24:24,267 - -----------------------------------------------------------------------------------------------
2025-04-03 18:24:25,475 - IMU Telemetry: Acceleration: X: 0.145 Y: -9.863 Z: -0.938 m/s², Gyroscope: X: 0.000 Y: 0.000 Z: 0.000 rad/s, Magnetometer: X: 0.875 Y: 17.562 Z: -12.500 uT
2025-04-03 18:24:25,475 - Sensor Telemetry: Temperature: 23.13 C, Humidity: 44.87 %, Pressure: 1002.50 hPa, Gas Resistance: 33934.00 ohms, Altitude: 89.83 meters, Displacment: 0.13 meters
2025-04-03 18:24:25,476 - -----------------------------------------------------------------------------------------------
2025-04-03 18:24:26,679 - IMU Telemetry: Acceleration: X: 0.145 Y: -9.859 Z: -0.898 m/s², Gyroscope: X: 0.000 Y: 0.000 Z: 0.000 rad/s, Magnetometer: X: 0.688 Y: 16.625 Z: -12.375 uT
2025-04-03 18:24:26,680 - Sensor Telemetry: Temperature: 23.14 C, Humidity: 44.85 %, Pressure: 1002.51 hPa, Gas Resistance: 34151.00 ohms, Altitude: 89.81 meters, Displacment: 0.12 meters
2025-04-03 18:24:26,680 - -----------------------------------------------------------------------------------------------
2025-04-03 18:24:27,887 - IMU Telemetry: Acceleration: X: 0.145 Y: -9.859 Z: -0.898 m/s², Gyroscope: X: 0.000 Y: 0.000 Z: 0.000 rad/s, Magnetometer: X: 0.375 Y: 15.938 Z: -11.250 uT
2025-04-03 18:24:27,887 - Sensor Telemetry: Temperature: 23.14 C, Humidity: 44.83 %, Pressure: 1002.51 hPa, Gas Resistance: 34042.00 ohms, Altitude: 89.76 meters, Displacment: 0.06 meters
2025-04-03 18:24:27,887 - -----------------------------------------------------------------------------------------------
2025-04-03 18:24:27,888 - Plateau Count: 1
2025-04-03 18:24:29,090 - IMU Telemetry: Acceleration: X: 0.145 Y: -9.859 Z: -0.898 m/s², Gyroscope: X: 0.000 Y: 0.000 Z: 0.000 rad/s, Magnetometer: X: 1.625 Y: 17.375 Z: -11.625 uT
2025-04-03 18:24:29,090 - Sensor Telemetry: Temperature: 23.15 C, Humidity: 44.79 %, Pressure: 1002.52 hPa, Gas Resistance: 34233.00 ohms, Altitude: 89.70 meters, Displacment: 0.00 meters
2025-04-03 18:24:29,091 - -----------------------------------------------------------------------------------------------
2025-04-03 18:24:29,091 - Plateau Count: 2
2025-04-03 18:24:30,297 - IMU Telemetry: Acceleration: X: 0.145 Y: -9.859 Z: -0.898 m/s², Gyroscope: X: 0.000 Y: 0.000 Z: 0.000 rad/s, Magnetometer: X: 1.062 Y: 17.375 Z: -9.500 uT
2025-04-03 18:24:30,298 - Sensor Telemetry: Temperature: 23.15 C, Humidity: 44.78 %, Pressure: 1002.52 hPa, Gas Resistance: 34178.00 ohms, Altitude: 89.72 meters, Displacment: 0.03 meters
2025-04-03 18:24:30,298 - -----------------------------------------------------------------------------------------------
2025-04-03 18:24:30,299 - Plateau Count: 3
2025-04-03 18:24:31,501 - IMU Telemetry: Acceleration: X: 0.145 Y: -9.859 Z: -0.898 m/s², Gyroscope: X: 0.000 Y: 0.000 Z: 0.000 rad/s, Magnetometer: X: 1.625 Y: 17.750 Z: -13.750 uT
2025-04-03 18:24:31,501 - Sensor Telemetry: Temperature: 23.15 C, Humidity: 44.77 %, Pressure: 1002.52 hPa, Gas Resistance: 34371.00 ohms, Altitude: 89.68 meters, Displacment: -0.01 meters
2025-04-03 18:24:31,501 - -----------------------------------------------------------------------------------------------
2025-04-03 18:24:31,502 - --------------Sampling Start--------------
2025-04-03 18:24:41,503 - --------------Sampling End--------------
2025-04-03 18:24:42,711 - IMU Telemetry: Acceleration: X: 0.145 Y: -9.859 Z: -0.898 m/s², Gyroscope: X: 0.000 Y: 0.000 Z: 0.000 rad/s, Magnetometer: X: 0.688 Y: 16.812 Z: -9.812 uT
2025-04-03 18:24:42,712 - Sensor Telemetry: Temperature: 23.08 C, Humidity: 45.48 %, Pressure: 1002.53 hPa, Gas Resistance: 27898.00 ohms, Altitude: 89.63 meters, Displacment: -0.06 meters
2025-04-03 18:24:42,712 - -----------------------------------------------------------------------------------------------
2025-04-03 18:24:42,712 - --------------Sampling Start--------------
2025-04-03 18:24:52,713 - --------------Sampling End--------------
2025-04-03 18:24:53,920 - IMU Telemetry: Acceleration: X: 0.145 Y: -9.859 Z: -0.898 m/s², Gyroscope: X: 0.000 Y: 0.000 Z: 0.000 rad/s, Magnetometer: X: -0.562 Y: 16.875 Z: -11.188 uT
2025-04-03 18:24:53,920 - Sensor Telemetry: Temperature: 23.03 C, Humidity: 45.82 %, Pressure: 1002.54 hPa, Gas Resistance: 25635.00 ohms, Altitude: 89.56 meters, Displacment: -0.14 meters
2025-04-03 18:24:53,920 - -----------------------------------------------------------------------------------------------
2025-04-03 18:24:53,920 - --------------Sampling Start--------------
2025-04-03 18:25:03,921 - --------------Sampling End--------------
2025-04-03 18:25:05,126 - IMU Telemetry: Acceleration: X: 0.145 Y: -9.859 Z: -0.898 m/s², Gyroscope: X: 0.000 Y: 0.000 Z: 0.000 rad/s, Magnetometer: X: -0.375 Y: 16.875 Z: -10.688 uT
2025-04-03 18:25:05,127 - Sensor Telemetry: Temperature: 22.98 C, Humidity: 45.90 %, Pressure: 1002.53 hPa, Gas Resistance: 24502.00 ohms, Altitude: 89.59 meters, Displacment: -0.10 meters
2025-04-03 18:25:05,127 - -----------------------------------------------------------------------------------------------
2025-04-03 18:25:05,127 - --------------Sampling Start--------------
