2025-04-04 17:30:22,182 - *** Sequential Execution ***
2025-04-04 17:30:22,195 - IMU Telemetry: Acceleration: X: -0.125 Y: -9.934 Z: 0.137 m/s², Gyroscope: X: 0.002 Y: -0.002 Z: 0.000 rad/s, Magnetometer: X: -28.375 Y: -1.500 Z: 20.000 uT
2025-04-04 17:30:22,195 - Sensor Telemetry: Temperature: 31.48 C, Humidity: 32.24 %, Pressure: 1006.19 hPa, Gas Resistance: 5684.00 ohms, Altitude: 58.93 meters, Displacment: 0.00 meters
2025-04-04 17:30:22,196 - -----------------------------------------------------------------------------------------------
2025-04-04 17:30:22,902 - IMU Telemetry: Acceleration: X: -0.164 Y: -9.934 Z: 0.137 m/s², Gyroscope: X: 0.000 Y: 0.002 Z: 0.000 rad/s, Magnetometer: X: -25.312 Y: 20.500 Z: 11.812 uT
2025-04-04 17:30:22,902 - Sensor Telemetry: Temperature: 31.53 C, Humidity: 32.27 %, Pressure: 1006.19 hPa, Gas Resistance: 5684.00 ohms, Altitude: 58.91 meters, Displacment: -0.02 meters
2025-04-04 17:30:22,903 - -----------------------------------------------------------------------------------------------
2025-04-04 17:30:23,611 - IMU Telemetry: Acceleration: X: -0.164 Y: -9.930 Z: 0.176 m/s², Gyroscope: X: 0.006 Y: 0.002 Z: 0.000 rad/s, Magnetometer: X: -25.312 Y: 21.438 Z: 10.625 uT
2025-04-04 17:30:23,612 - Sensor Telemetry: Temperature: 31.64 C, Humidity: 32.24 %, Pressure: 1006.19 hPa, Gas Resistance: 5684.00 ohms, Altitude: 58.90 meters, Displacment: -0.03 meters
2025-04-04 17:30:23,612 - -----------------------------------------------------------------------------------------------
2025-04-04 17:30:24,324 - IMU Telemetry: Acceleration: X: -0.164 Y: -9.934 Z: 0.137 m/s², Gyroscope: X: 0.000 Y: 0.002 Z: 0.000 rad/s, Magnetometer: X: -26.625 Y: 19.688 Z: 11.562 uT
2025-04-04 17:30:24,324 - Sensor Telemetry: Temperature: 31.74 C, Humidity: 32.17 %, Pressure: 1006.19 hPa, Gas Resistance: 5684.00 ohms, Altitude: 58.97 meters, Displacment: 0.04 meters
2025-04-04 17:30:24,325 - -----------------------------------------------------------------------------------------------
2025-04-04 17:30:25,033 - IMU Telemetry: Acceleration: X: -0.203 Y: -9.934 Z: 0.137 m/s², Gyroscope: X: 0.000 Y: 0.000 Z: 0.000 rad/s, Magnetometer: X: -33.188 Y: 12.812 Z: 10.875 uT
2025-04-04 17:30:25,033 - Sensor Telemetry: Temperature: 31.83 C, Humidity: 32.07 %, Pressure: 1006.18 hPa, Gas Resistance: 5684.00 ohms, Altitude: 59.04 meters, Displacment: 0.11 meters
2025-04-04 17:30:25,034 - -----------------------------------------------------------------------------------------------
2025-04-04 17:30:25,742 - IMU Telemetry: Acceleration: X: -0.203 Y: -9.930 Z: 0.176 m/s², Gyroscope: X: -0.004 Y: -0.002 Z: 0.000 rad/s, Magnetometer: X: -33.562 Y: 12.750 Z: 10.938 uT
2025-04-04 17:30:25,743 - Sensor Telemetry: Temperature: 31.91 C, Humidity: 31.98 %, Pressure: 1006.18 hPa, Gas Resistance: 5684.00 ohms, Altitude: 59.05 meters, Displacment: 0.12 meters
2025-04-04 17:30:25,743 - -----------------------------------------------------------------------------------------------
2025-04-04 17:30:26,455 - IMU Telemetry: Acceleration: X: -0.203 Y: -9.934 Z: 0.137 m/s², Gyroscope: X: 0.000 Y: 0.000 Z: 0.000 rad/s, Magnetometer: X: -26.812 Y: 20.250 Z: 11.562 uT
2025-04-04 17:30:26,456 - Sensor Telemetry: Temperature: 31.97 C, Humidity: 31.87 %, Pressure: 1006.18 hPa, Gas Resistance: 5684.00 ohms, Altitude: 59.05 meters, Displacment: 0.12 meters
2025-04-04 17:30:26,456 - -----------------------------------------------------------------------------------------------
2025-04-04 17:30:27,164 - IMU Telemetry: Acceleration: X: -0.203 Y: -9.930 Z: 0.176 m/s², Gyroscope: X: 0.000 Y: 0.000 Z: 0.000 rad/s, Magnetometer: X: -33.125 Y: 12.250 Z: 11.438 uT
2025-04-04 17:30:27,165 - Sensor Telemetry: Temperature: 32.03 C, Humidity: 31.80 %, Pressure: 1006.17 hPa, Gas Resistance: 6405.00 ohms, Altitude: 59.09 meters, Displacment: 0.16 meters
2025-04-04 17:30:27,165 - -----------------------------------------------------------------------------------------------
2025-04-04 17:30:27,878 - IMU Telemetry: Acceleration: X: -0.203 Y: -9.891 Z: 0.176 m/s², Gyroscope: X: 0.002 Y: 0.002 Z: 0.002 rad/s, Magnetometer: X: -33.688 Y: 12.250 Z: 13.688 uT
2025-04-04 17:30:27,879 - Sensor Telemetry: Temperature: 32.08 C, Humidity: 31.69 %, Pressure: 1006.17 hPa, Gas Resistance: 7043.00 ohms, Altitude: 59.09 meters, Displacment: 0.16 meters
2025-04-04 17:30:27,879 - -----------------------------------------------------------------------------------------------
2025-04-04 17:30:28,586 - IMU Telemetry: Acceleration: X: -0.203 Y: -9.934 Z: 0.137 m/s², Gyroscope: X: 0.000 Y: 0.000 Z: -0.002 rad/s, Magnetometer: X: -27.000 Y: 19.688 Z: 10.062 uT
2025-04-04 17:30:28,586 - Sensor Telemetry: Temperature: 32.12 C, Humidity: 31.63 %, Pressure: 1006.17 hPa, Gas Resistance: 7823.00 ohms, Altitude: 59.11 meters, Displacment: 0.18 meters
2025-04-04 17:30:28,586 - -----------------------------------------------------------------------------------------------
2025-04-04 17:30:29,292 - IMU Telemetry: Acceleration: X: -0.203 Y: -9.930 Z: 0.176 m/s², Gyroscope: X: 0.002 Y: 0.002 Z: 0.002 rad/s, Magnetometer: X: -32.438 Y: 13.562 Z: 10.625 uT
2025-04-04 17:30:29,293 - Sensor Telemetry: Temperature: 32.16 C, Humidity: 31.57 %, Pressure: 1006.17 hPa, Gas Resistance: 8592.00 ohms, Altitude: 59.09 meters, Displacment: 0.16 meters
2025-04-04 17:30:29,293 - -----------------------------------------------------------------------------------------------
2025-04-04 17:30:29,998 - IMU Telemetry: Acceleration: X: -0.164 Y: -9.930 Z: 0.176 m/s², Gyroscope: X: 0.002 Y: -0.002 Z: -0.002 rad/s, Magnetometer: X: -30.312 Y: 14.875 Z: 9.562 uT
2025-04-04 17:30:29,998 - Sensor Telemetry: Temperature: 32.19 C, Humidity: 31.53 %, Pressure: 1006.17 hPa, Gas Resistance: 9296.00 ohms, Altitude: 59.14 meters, Displacment: 0.21 meters
2025-04-04 17:30:29,999 - -----------------------------------------------------------------------------------------------
2025-04-04 17:30:30,710 - IMU Telemetry: Acceleration: X: -0.203 Y: -9.930 Z: 0.176 m/s², Gyroscope: X: 0.002 Y: 0.002 Z: 0.002 rad/s, Magnetometer: X: -26.875 Y: 19.688 Z: 11.125 uT
2025-04-04 17:30:30,710 - Sensor Telemetry: Temperature: 32.22 C, Humidity: 31.47 %, Pressure: 1006.18 hPa, Gas Resistance: 9937.00 ohms, Altitude: 59.01 meters, Displacment: 0.09 meters
2025-04-04 17:30:30,711 - -----------------------------------------------------------------------------------------------
2025-04-04 17:30:31,418 - IMU Telemetry: Acceleration: X: -0.203 Y: -9.891 Z: 0.176 m/s², Gyroscope: X: 0.000 Y: -0.002 Z: 0.002 rad/s, Magnetometer: X: -27.562 Y: 16.500 Z: 11.000 uT
2025-04-04 17:30:31,418 - Sensor Telemetry: Temperature: 32.25 C, Humidity: 31.42 %, Pressure: 1006.18 hPa, Gas Resistance: 10663.00 ohms, Altitude: 59.05 meters, Displacment: 0.12 meters
2025-04-04 17:30:31,419 - -----------------------------------------------------------------------------------------------
2025-04-04 17:30:32,129 - IMU Telemetry: Acceleration: X: -0.164 Y: -9.930 Z: 0.176 m/s², Gyroscope: X: -0.002 Y: 0.000 Z: 0.002 rad/s, Magnetometer: X: -27.750 Y: 15.438 Z: 13.312 uT
2025-04-04 17:30:32,130 - Sensor Telemetry: Temperature: 32.26 C, Humidity: 31.36 %, Pressure: 1006.17 hPa, Gas Resistance: 11271.00 ohms, Altitude: 59.07 meters, Displacment: 0.14 meters
2025-04-04 17:30:32,130 - -----------------------------------------------------------------------------------------------
2025-04-04 17:30:32,838 - IMU Telemetry: Acceleration: X: -0.203 Y: -9.934 Z: 0.137 m/s², Gyroscope: X: 0.004 Y: 0.000 Z: -0.002 rad/s, Magnetometer: X: -24.938 Y: 20.750 Z: 9.000 uT
2025-04-04 17:30:32,839 - Sensor Telemetry: Temperature: 32.28 C, Humidity: 31.32 %, Pressure: 1006.17 hPa, Gas Resistance: 12167.00 ohms, Altitude: 59.08 meters, Displacment: 0.15 meters
2025-04-04 17:30:32,839 - -----------------------------------------------------------------------------------------------
2025-04-04 17:30:33,550 - IMU Telemetry: Acceleration: X: -0.164 Y: -9.930 Z: 0.176 m/s², Gyroscope: X: -0.004 Y: 0.002 Z: 0.000 rad/s, Magnetometer: X: -33.438 Y: 10.688 Z: 13.312 uT
2025-04-04 17:30:33,551 - Sensor Telemetry: Temperature: 32.30 C, Humidity: 31.28 %, Pressure: 1006.17 hPa, Gas Resistance: 12718.00 ohms, Altitude: 59.09 meters, Displacment: 0.16 meters
2025-04-04 17:30:33,551 - -----------------------------------------------------------------------------------------------
2025-04-04 17:30:34,261 - IMU Telemetry: Acceleration: X: -0.164 Y: -9.930 Z: 0.176 m/s², Gyroscope: X: 0.000 Y: 0.000 Z: 0.000 rad/s, Magnetometer: X: -26.188 Y: 20.000 Z: 8.250 uT
2025-04-04 17:30:34,262 - Sensor Telemetry: Temperature: 32.32 C, Humidity: 31.25 %, Pressure: 1006.17 hPa, Gas Resistance: 13330.00 ohms, Altitude: 59.07 meters, Displacment: 0.14 meters
2025-04-04 17:30:34,262 - -----------------------------------------------------------------------------------------------
2025-04-04 17:30:34,969 - IMU Telemetry: Acceleration: X: -0.164 Y: -9.934 Z: 0.137 m/s², Gyroscope: X: 0.002 Y: 0.000 Z: 0.000 rad/s, Magnetometer: X: -27.062 Y: 19.438 Z: 9.562 uT
2025-04-04 17:30:34,969 - Sensor Telemetry: Temperature: 32.34 C, Humidity: 31.22 %, Pressure: 1006.17 hPa, Gas Resistance: 13876.00 ohms, Altitude: 59.11 meters, Displacment: 0.18 meters
2025-04-04 17:30:34,970 - -----------------------------------------------------------------------------------------------
2025-04-04 17:30:35,681 - IMU Telemetry: Acceleration: X: -0.238 Y: -9.895 Z: -0.055 m/s², Gyroscope: X: -0.004 Y: -0.002 Z: 0.002 rad/s, Magnetometer: X: -34.125 Y: 11.750 Z: 16.438 uT
2025-04-04 17:30:35,682 - Sensor Telemetry: Temperature: 32.35 C, Humidity: 31.20 %, Pressure: 1006.16 hPa, Gas Resistance: 14401.00 ohms, Altitude: 59.18 meters, Displacment: 0.26 meters
2025-04-04 17:30:35,682 - -----------------------------------------------------------------------------------------------
2025-04-04 17:30:36,390 - IMU Telemetry: Acceleration: X: 0.066 Y: -9.969 Z: -0.168 m/s², Gyroscope: X: 0.158 Y: -0.016 Z: -0.092 rad/s, Magnetometer: X: -26.500 Y: 19.562 Z: 9.938 uT
2025-04-04 17:30:36,391 - Sensor Telemetry: Temperature: 32.37 C, Humidity: 31.15 %, Pressure: 1006.15 hPa, Gas Resistance: 14925.00 ohms, Altitude: 59.24 meters, Displacment: 0.31 meters
2025-04-04 17:30:36,391 - -----------------------------------------------------------------------------------------------
2025-04-04 17:30:37,099 - IMU Telemetry: Acceleration: X: 2.020 Y: -9.508 Z: 1.094 m/s², Gyroscope: X: 0.488 Y: 0.148 Z: -0.760 rad/s, Magnetometer: X: -30.750 Y: 30.375 Z: -8.188 uT
2025-04-04 17:30:37,099 - Sensor Telemetry: Temperature: 32.38 C, Humidity: 31.11 %, Pressure: 1006.15 hPa, Gas Resistance: 15477.00 ohms, Altitude: 59.28 meters, Displacment: 0.35 meters
2025-04-04 17:30:37,100 - -----------------------------------------------------------------------------------------------
2025-04-04 17:30:37,804 - IMU Telemetry: Acceleration: X: 3.820 Y: -7.750 Z: 4.426 m/s², Gyroscope: X: -0.682 Y: -0.020 Z: 0.215 rad/s, Magnetometer: X: -42.875 Y: 11.875 Z: -35.375 uT
2025-04-04 17:30:37,804 - Sensor Telemetry: Temperature: 32.39 C, Humidity: 31.07 %, Pressure: 1006.14 hPa, Gas Resistance: 15892.00 ohms, Altitude: 59.35 meters, Displacment: 0.42 meters
2025-04-04 17:30:37,805 - -----------------------------------------------------------------------------------------------
2025-04-04 17:30:38,514 - IMU Telemetry: Acceleration: X: 4.242 Y: -7.754 Z: 4.656 m/s², Gyroscope: X: -0.373 Y: -0.186 Z: 0.184 rad/s, Magnetometer: X: -32.625 Y: 25.188 Z: -49.062 uT
2025-04-04 17:30:38,515 - Sensor Telemetry: Temperature: 32.39 C, Humidity: 31.02 %, Pressure: 1006.14 hPa, Gas Resistance: 16343.00 ohms, Altitude: 59.37 meters, Displacment: 0.44 meters
2025-04-04 17:30:38,515 - -----------------------------------------------------------------------------------------------
2025-04-04 17:30:39,222 - IMU Telemetry: Acceleration: X: 4.051 Y: -8.594 Z: 3.699 m/s², Gyroscope: X: -0.350 Y: -0.141 Z: 0.215 rad/s, Magnetometer: X: -34.250 Y: 26.625 Z: -42.438 uT
2025-04-04 17:30:39,223 - Sensor Telemetry: Temperature: 32.40 C, Humidity: 30.98 %, Pressure: 1006.13 hPa, Gas Resistance: 16819.00 ohms, Altitude: 59.41 meters, Displacment: 0.48 meters
2025-04-04 17:30:39,223 - -----------------------------------------------------------------------------------------------
2025-04-04 17:30:39,934 - IMU Telemetry: Acceleration: X: 3.590 Y: -8.520 Z: 3.508 m/s², Gyroscope: X: 0.082 Y: 0.049 Z: -0.033 rad/s, Magnetometer: X: -37.000 Y: 24.750 Z: -39.500 uT
2025-04-04 17:30:39,934 - Sensor Telemetry: Temperature: 32.40 C, Humidity: 30.93 %, Pressure: 1006.14 hPa, Gas Resistance: 17213.00 ohms, Altitude: 59.37 meters, Displacment: 0.44 meters
2025-04-04 17:30:39,935 - -----------------------------------------------------------------------------------------------
2025-04-04 17:30:40,643 - IMU Telemetry: Acceleration: X: 3.398 Y: -8.598 Z: 3.621 m/s², Gyroscope: X: -0.129 Y: 0.088 Z: 0.057 rad/s, Magnetometer: X: -29.562 Y: 32.500 Z: -44.438 uT
2025-04-04 17:30:40,643 - Sensor Telemetry: Temperature: 32.41 C, Humidity: 30.89 %, Pressure: 1006.14 hPa, Gas Resistance: 17728.00 ohms, Altitude: 59.33 meters, Displacment: 0.40 meters
2025-04-04 17:30:40,644 - -----------------------------------------------------------------------------------------------
2025-04-04 17:30:41,351 - IMU Telemetry: Acceleration: X: 1.559 Y: -9.168 Z: 3.238 m/s², Gyroscope: X: 0.082 Y: 0.068 Z: -0.086 rad/s, Magnetometer: X: -17.562 Y: 41.375 Z: -54.250 uT
2025-04-04 17:30:41,351 - Sensor Telemetry: Temperature: 32.41 C, Humidity: 30.85 %, Pressure: 1006.14 hPa, Gas Resistance: 18028.00 ohms, Altitude: 59.35 meters, Displacment: 0.42 meters
2025-04-04 17:30:41,351 - -----------------------------------------------------------------------------------------------
2025-04-04 17:30:42,056 - IMU Telemetry: Acceleration: X: 1.523 Y: -8.902 Z: 4.043 m/s², Gyroscope: X: 0.012 Y: -0.037 Z: 0.059 rad/s, Magnetometer: X: -20.375 Y: 34.250 Z: -60.500 uT
2025-04-04 17:30:42,057 - Sensor Telemetry: Temperature: 32.42 C, Humidity: 30.82 %, Pressure: 1006.13 hPa, Gas Resistance: 18401.00 ohms, Altitude: 59.40 meters, Displacment: 0.47 meters
2025-04-04 17:30:42,057 - -----------------------------------------------------------------------------------------------
2025-04-04 17:30:42,767 - IMU Telemetry: Acceleration: X: 1.445 Y: -8.598 Z: 4.848 m/s², Gyroscope: X: 0.320 Y: -0.252 Z: -0.100 rad/s, Magnetometer: X: -16.250 Y: 37.812 Z: -64.875 uT
2025-04-04 17:30:42,768 - Sensor Telemetry: Temperature: 32.42 C, Humidity: 30.78 %, Pressure: 1006.14 hPa, Gas Resistance: 18873.00 ohms, Altitude: 59.38 meters, Displacment: 0.45 meters
2025-04-04 17:30:42,768 - -----------------------------------------------------------------------------------------------
2025-04-04 17:30:43,476 - IMU Telemetry: Acceleration: X: 2.020 Y: -8.250 Z: 4.543 m/s², Gyroscope: X: 0.266 Y: -0.158 Z: -0.070 rad/s, Magnetometer: X: -19.438 Y: 35.625 Z: -61.375 uT
2025-04-04 17:30:43,477 - Sensor Telemetry: Temperature: 32.43 C, Humidity: 30.74 %, Pressure: 1006.14 hPa, Gas Resistance: 19127.00 ohms, Altitude: 59.36 meters, Displacment: 0.43 meters
2025-04-04 17:30:43,477 - -----------------------------------------------------------------------------------------------
2025-04-04 17:30:44,189 - IMU Telemetry: Acceleration: X: 1.293 Y: -6.988 Z: 6.379 m/s², Gyroscope: X: 0.043 Y: 0.203 Z: 0.494 rad/s, Magnetometer: X: -18.562 Y: 25.375 Z: -55.562 uT
2025-04-04 17:30:44,190 - Sensor Telemetry: Temperature: 32.43 C, Humidity: 30.72 %, Pressure: 1006.14 hPa, Gas Resistance: 19530.00 ohms, Altitude: 59.39 meters, Displacment: 0.46 meters
2025-04-04 17:30:44,190 - -----------------------------------------------------------------------------------------------
2025-04-04 17:30:44,898 - IMU Telemetry: Acceleration: X: 1.176 Y: -7.211 Z: 6.035 m/s², Gyroscope: X: -0.379 Y: 0.014 Z: 0.178 rad/s, Magnetometer: X: -12.938 Y: 32.438 Z: -55.875 uT
2025-04-04 17:30:44,898 - Sensor Telemetry: Temperature: 32.43 C, Humidity: 30.69 %, Pressure: 1006.14 hPa, Gas Resistance: 19857.00 ohms, Altitude: 59.38 meters, Displacment: 0.45 meters
2025-04-04 17:30:44,898 - -----------------------------------------------------------------------------------------------
2025-04-04 17:30:45,609 - IMU Telemetry: Acceleration: X: 0.949 Y: -9.020 Z: 3.852 m/s², Gyroscope: X: -0.021 Y: 0.068 Z: -0.049 rad/s, Magnetometer: X: -19.562 Y: 32.125 Z: -31.750 uT
2025-04-04 17:30:45,610 - Sensor Telemetry: Temperature: 32.44 C, Humidity: 30.66 %, Pressure: 1006.13 hPa, Gas Resistance: 20214.00 ohms, Altitude: 59.43 meters, Displacment: 0.50 meters
2025-04-04 17:30:45,610 - -----------------------------------------------------------------------------------------------
2025-04-04 17:30:46,321 - IMU Telemetry: Acceleration: X: 0.793 Y: -8.859 Z: 3.969 m/s², Gyroscope: X: -0.242 Y: -0.062 Z: 0.033 rad/s, Magnetometer: X: -21.312 Y: 31.562 Z: -37.812 uT
2025-04-04 17:30:46,321 - Sensor Telemetry: Temperature: 32.44 C, Humidity: 30.65 %, Pressure: 1006.13 hPa, Gas Resistance: 20427.00 ohms, Altitude: 59.43 meters, Displacment: 0.50 meters
2025-04-04 17:30:46,321 - -----------------------------------------------------------------------------------------------
2025-04-04 17:30:47,031 - IMU Telemetry: Acceleration: X: 1.062 Y: -9.934 Z: 1.516 m/s², Gyroscope: X: -0.299 Y: 0.031 Z: 0.129 rad/s, Magnetometer: X: -18.375 Y: 39.062 Z: -36.438 uT
2025-04-04 17:30:47,031 - Sensor Telemetry: Temperature: 32.44 C, Humidity: 30.64 %, Pressure: 1006.14 hPa, Gas Resistance: 20725.00 ohms, Altitude: 59.39 meters, Displacment: 0.46 meters
2025-04-04 17:30:47,032 - -----------------------------------------------------------------------------------------------
2025-04-04 17:30:47,741 - IMU Telemetry: Acceleration: X: 1.176 Y: -9.551 Z: 2.320 m/s², Gyroscope: X: 0.045 Y: -0.070 Z: -0.150 rad/s, Magnetometer: X: -25.875 Y: 21.000 Z: -12.500 uT
2025-04-04 17:30:47,742 - Sensor Telemetry: Temperature: 32.45 C, Humidity: 30.63 %, Pressure: 1006.15 hPa, Gas Resistance: 21178.00 ohms, Altitude: 59.29 meters, Displacment: 0.36 meters
2025-04-04 17:30:47,742 - -----------------------------------------------------------------------------------------------
2025-04-04 17:30:48,452 - IMU Telemetry: Acceleration: X: -0.469 Y: -10.125 Z: 2.359 m/s², Gyroscope: X: -0.223 Y: 0.125 Z: 0.162 rad/s, Magnetometer: X: -25.188 Y: 21.438 Z: -12.688 uT
2025-04-04 17:30:48,452 - Sensor Telemetry: Temperature: 32.45 C, Humidity: 30.64 %, Pressure: 1006.14 hPa, Gas Resistance: 21347.00 ohms, Altitude: 59.32 meters, Displacment: 0.39 meters
2025-04-04 17:30:48,452 - -----------------------------------------------------------------------------------------------
2025-04-04 17:30:49,160 - IMU Telemetry: Acceleration: X: 0.371 Y: -10.047 Z: 2.168 m/s², Gyroscope: X: -0.295 Y: 0.559 Z: 0.152 rad/s, Magnetometer: X: -25.250 Y: 21.750 Z: -8.938 uT
2025-04-04 17:30:49,161 - Sensor Telemetry: Temperature: 32.45 C, Humidity: 30.62 %, Pressure: 1006.15 hPa, Gas Resistance: 21739.00 ohms, Altitude: 59.31 meters, Displacment: 0.38 meters
2025-04-04 17:30:49,161 - -----------------------------------------------------------------------------------------------
2025-04-04 17:30:49,872 - IMU Telemetry: Acceleration: X: -0.699 Y: -9.863 Z: -0.398 m/s², Gyroscope: X: -0.016 Y: 0.000 Z: 0.000 rad/s, Magnetometer: X: -30.625 Y: 17.688 Z: -5.375 uT
2025-04-04 17:30:49,873 - Sensor Telemetry: Temperature: 32.45 C, Humidity: 30.61 %, Pressure: 1006.15 hPa, Gas Resistance: 21940.00 ohms, Altitude: 59.26 meters, Displacment: 0.33 meters
2025-04-04 17:30:49,873 - -----------------------------------------------------------------------------------------------
2025-04-04 17:30:50,581 - IMU Telemetry: Acceleration: X: -0.125 Y: -9.934 Z: 0.098 m/s², Gyroscope: X: 0.004 Y: 0.002 Z: 0.006 rad/s, Magnetometer: X: -25.125 Y: 21.625 Z: -0.812 uT
2025-04-04 17:30:50,582 - Sensor Telemetry: Temperature: 32.46 C, Humidity: 30.62 %, Pressure: 1006.15 hPa, Gas Resistance: 22145.00 ohms, Altitude: 59.28 meters, Displacment: 0.35 meters
2025-04-04 17:30:50,582 - -----------------------------------------------------------------------------------------------
2025-04-04 17:30:51,294 - IMU Telemetry: Acceleration: X: -0.316 Y: -9.934 Z: 0.250 m/s², Gyroscope: X: 0.004 Y: 0.000 Z: -0.008 rad/s, Magnetometer: X: -25.375 Y: 21.125 Z: 0.938 uT
2025-04-04 17:30:51,294 - Sensor Telemetry: Temperature: 32.46 C, Humidity: 30.62 %, Pressure: 1006.15 hPa, Gas Resistance: 22424.00 ohms, Altitude: 59.28 meters, Displacment: 0.35 meters
2025-04-04 17:30:51,295 - -----------------------------------------------------------------------------------------------
